2025-10-17 02:34:24,786 [INFO] ============================================================
2025-10-17 02:34:24,786 [INFO] Starting training
2025-10-17 02:34:24,786 [INFO] ============================================================
2025-10-17 02:34:24,786 [INFO] Config: {'experiment_name': 'exp6_full_model', 'seed': 42, 'model': {'model_type': 'custom', 'input_channels': 3, 'base_channels': 64, 'depth': 4, 'bottleneck_dim': 512, 'use_multiscale': True}, 'loss': {'spatial_weight': 1.0, 'frequency_weight': 1.0, 'contrastive_weight': 0.5, 'temperature': 0.07, 'margin': 1.0}, 'training': {'batch_size': 16, 'learning_rate': 0.0001, 'epochs': 50, 'weight_decay': 1e-05, 'use_scheduler': True, 'save_every': 5}, 'data': {'train_dir': 'data/part4_dataset_split/train', 'test_dir': 'data/part4_dataset_split/test', 'resolution': 256, 'num_workers': 4}, 'output': {'checkpoint_dir': 'results/part4/exp6_full_model'}}
2025-10-17 02:34:24,787 [INFO] Random seed: 42
2025-10-17 02:34:24,944 [INFO] Using device: cuda
2025-10-17 02:34:24,944 [INFO] CUDA available: True
2025-10-17 02:34:24,983 [INFO] CUDA device count: 1
2025-10-17 02:34:24,983 [INFO] CUDA device name: NVIDIA GeForce RTX 3070
2025-10-17 02:34:24,983 [INFO] Setting up data loaders...
2025-10-17 02:34:24,986 [INFO] Train batches: 51
2025-10-17 02:34:24,986 [INFO] Test batches: 13
2025-10-17 02:34:24,986 [INFO] Creating model...
2025-10-17 02:34:25,167 [INFO] Model parameters: 5,171,328
2025-10-17 02:34:25,168 [INFO] Starting training loop...
2025-10-17 02:34:25,168 [INFO] 
Epoch 1/50
2025-10-17 02:34:26,307 [INFO] Batch 0: load=0.26s, train=0.88s
2025-10-17 02:34:28,630 [INFO] Batch 10: load=0.00s, train=0.23s
2025-10-17 02:34:30,931 [INFO] Batch 20: load=0.00s, train=0.23s
2025-10-17 02:34:33,234 [INFO] Batch 30: load=0.00s, train=0.23s
2025-10-17 02:34:35,530 [INFO] Batch 40: load=0.00s, train=0.23s
2025-10-17 02:34:37,699 [INFO] Batch 50: load=0.00s, train=0.10s
2025-10-17 02:34:41,536 [INFO] Epoch 1 Results:
2025-10-17 02:34:41,536 [INFO]   Train Loss: 3.622876
2025-10-17 02:34:41,536 [INFO]   Val Loss: 1.015786
2025-10-17 02:34:41,536 [INFO]   Val L2 Distance: 1.2886
2025-10-17 02:34:41,536 [INFO]   Val Cosine Sim: 0.9604
2025-10-17 02:34:41,536 [INFO]   Learning Rate: 0.000100
2025-10-17 02:34:41,618 [INFO] New best model! Val loss: 1.0158
2025-10-17 02:34:41,618 [INFO] 
Epoch 2/50
2025-10-17 02:34:42,116 [INFO] Batch 0: load=0.27s, train=0.23s
2025-10-17 02:34:44,411 [INFO] Batch 10: load=0.00s, train=0.23s
2025-10-17 02:34:46,714 [INFO] Batch 20: load=0.00s, train=0.23s
2025-10-17 02:34:49,008 [INFO] Batch 30: load=0.00s, train=0.23s
2025-10-17 02:34:51,305 [INFO] Batch 40: load=0.00s, train=0.23s
2025-10-17 02:34:53,438 [INFO] Batch 50: load=0.00s, train=0.07s
2025-10-17 02:34:57,331 [INFO] Epoch 2 Results:
2025-10-17 02:34:57,331 [INFO]   Train Loss: 1.302207
2025-10-17 02:34:57,331 [INFO]   Val Loss: 0.669353
2025-10-17 02:34:57,331 [INFO]   Val L2 Distance: 0.9228
2025-10-17 02:34:57,331 [INFO]   Val Cosine Sim: 0.8856
2025-10-17 02:34:57,331 [INFO]   Learning Rate: 0.000100
2025-10-17 02:34:57,411 [INFO] New best model! Val loss: 0.6694
2025-10-17 02:34:57,411 [INFO] 
Epoch 3/50
2025-10-17 02:34:57,929 [INFO] Batch 0: load=0.28s, train=0.23s
2025-10-17 02:35:00,232 [INFO] Batch 10: load=0.00s, train=0.23s
2025-10-17 02:35:02,530 [INFO] Batch 20: load=0.00s, train=0.23s
2025-10-17 02:35:04,833 [INFO] Batch 30: load=0.00s, train=0.23s
2025-10-17 02:35:07,133 [INFO] Batch 40: load=0.00s, train=0.23s
2025-10-17 02:35:09,263 [INFO] Batch 50: load=0.00s, train=0.07s
2025-10-17 02:35:13,095 [INFO] Epoch 3 Results:
2025-10-17 02:35:13,095 [INFO]   Train Loss: 1.004410
2025-10-17 02:35:13,095 [INFO]   Val Loss: 0.303809
2025-10-17 02:35:13,095 [INFO]   Val L2 Distance: 0.6662
2025-10-17 02:35:13,095 [INFO]   Val Cosine Sim: 0.9034
2025-10-17 02:35:13,095 [INFO]   Learning Rate: 0.000099
2025-10-17 02:35:13,173 [INFO] New best model! Val loss: 0.3038
2025-10-17 02:35:13,173 [INFO] 
Epoch 4/50
2025-10-17 02:35:13,695 [INFO] Batch 0: load=0.29s, train=0.23s
2025-10-17 02:35:15,997 [INFO] Batch 10: load=0.00s, train=0.23s
2025-10-17 02:35:18,295 [INFO] Batch 20: load=0.00s, train=0.23s
2025-10-17 02:35:20,601 [INFO] Batch 30: load=0.00s, train=0.23s
2025-10-17 02:35:22,905 [INFO] Batch 40: load=0.00s, train=0.23s
2025-10-17 02:35:25,040 [INFO] Batch 50: load=0.00s, train=0.07s
2025-10-17 02:35:28,911 [INFO] Epoch 4 Results:
2025-10-17 02:35:28,912 [INFO]   Train Loss: 0.849791
2025-10-17 02:35:28,912 [INFO]   Val Loss: 0.280760
2025-10-17 02:35:28,912 [INFO]   Val L2 Distance: 0.6195
2025-10-17 02:35:28,912 [INFO]   Val Cosine Sim: 0.8823
2025-10-17 02:35:28,912 [INFO]   Learning Rate: 0.000098
2025-10-17 02:35:28,999 [INFO] New best model! Val loss: 0.2808
2025-10-17 02:35:29,000 [INFO] 
Epoch 5/50
2025-10-17 02:35:29,501 [INFO] Batch 0: load=0.27s, train=0.23s
2025-10-17 02:35:31,799 [INFO] Batch 10: load=0.00s, train=0.23s
2025-10-17 02:35:34,098 [INFO] Batch 20: load=0.00s, train=0.23s
2025-10-17 02:35:36,398 [INFO] Batch 30: load=0.00s, train=0.23s
2025-10-17 02:35:38,693 [INFO] Batch 40: load=0.00s, train=0.23s
2025-10-17 02:35:40,825 [INFO] Batch 50: load=0.00s, train=0.07s
2025-10-17 02:35:44,642 [INFO] Epoch 5 Results:
2025-10-17 02:35:44,642 [INFO]   Train Loss: 0.739953
2025-10-17 02:35:44,642 [INFO]   Val Loss: 0.237398
2025-10-17 02:35:44,642 [INFO]   Val L2 Distance: 0.5658
2025-10-17 02:35:44,642 [INFO]   Val Cosine Sim: 0.9070
2025-10-17 02:35:44,642 [INFO]   Learning Rate: 0.000098
2025-10-17 02:35:44,711 [INFO] Saved checkpoint: results/part4/exp6_full_model/checkpoint_epoch_5.pth
2025-10-17 02:35:44,785 [INFO] New best model! Val loss: 0.2374
2025-10-17 02:35:44,786 [INFO] 
Epoch 6/50
2025-10-17 02:35:45,316 [INFO] Batch 0: load=0.29s, train=0.24s
2025-10-17 02:35:47,619 [INFO] Batch 10: load=0.00s, train=0.23s
2025-10-17 02:35:49,921 [INFO] Batch 20: load=0.00s, train=0.23s
2025-10-17 02:35:52,225 [INFO] Batch 30: load=0.00s, train=0.23s
2025-10-17 02:35:54,526 [INFO] Batch 40: load=0.00s, train=0.23s
2025-10-17 02:35:56,660 [INFO] Batch 50: load=0.00s, train=0.07s
2025-10-17 02:36:00,516 [INFO] Epoch 6 Results:
2025-10-17 02:36:00,517 [INFO]   Train Loss: 0.666021
2025-10-17 02:36:00,517 [INFO]   Val Loss: 0.192707
2025-10-17 02:36:00,517 [INFO]   Val L2 Distance: 0.4972
2025-10-17 02:36:00,517 [INFO]   Val Cosine Sim: 0.8924
2025-10-17 02:36:00,517 [INFO]   Learning Rate: 0.000096
2025-10-17 02:36:00,602 [INFO] New best model! Val loss: 0.1927
2025-10-17 02:36:00,602 [INFO] 
Epoch 7/50
2025-10-17 02:36:01,110 [INFO] Batch 0: load=0.27s, train=0.23s
2025-10-17 02:36:03,407 [INFO] Batch 10: load=0.00s, train=0.23s
2025-10-17 02:36:05,712 [INFO] Batch 20: load=0.00s, train=0.23s
2025-10-17 02:36:08,013 [INFO] Batch 30: load=0.00s, train=0.23s
2025-10-17 02:36:10,315 [INFO] Batch 40: load=0.00s, train=0.23s
2025-10-17 02:36:12,446 [INFO] Batch 50: load=0.00s, train=0.07s
2025-10-17 02:36:16,289 [INFO] Epoch 7 Results:
2025-10-17 02:36:16,290 [INFO]   Train Loss: 0.623465
2025-10-17 02:36:16,290 [INFO]   Val Loss: 0.133823
2025-10-17 02:36:16,290 [INFO]   Val L2 Distance: 0.4328
2025-10-17 02:36:16,290 [INFO]   Val Cosine Sim: 0.8988
2025-10-17 02:36:16,290 [INFO]   Learning Rate: 0.000095
2025-10-17 02:36:16,376 [INFO] New best model! Val loss: 0.1338
2025-10-17 02:36:16,376 [INFO] 
Epoch 8/50
2025-10-17 02:36:16,904 [INFO] Batch 0: load=0.29s, train=0.23s
2025-10-17 02:36:19,204 [INFO] Batch 10: load=0.00s, train=0.23s
2025-10-17 02:36:21,507 [INFO] Batch 20: load=0.00s, train=0.23s
2025-10-17 02:36:23,803 [INFO] Batch 30: load=0.00s, train=0.23s
2025-10-17 02:36:26,098 [INFO] Batch 40: load=0.00s, train=0.23s
2025-10-17 02:36:28,231 [INFO] Batch 50: load=0.00s, train=0.07s
2025-10-17 02:36:32,065 [INFO] Epoch 8 Results:
2025-10-17 02:36:32,065 [INFO]   Train Loss: 0.571073
2025-10-17 02:36:32,065 [INFO]   Val Loss: 0.111997
2025-10-17 02:36:32,065 [INFO]   Val L2 Distance: 0.3911
2025-10-17 02:36:32,065 [INFO]   Val Cosine Sim: 0.9120
2025-10-17 02:36:32,065 [INFO]   Learning Rate: 0.000094
2025-10-17 02:36:32,146 [INFO] New best model! Val loss: 0.1120
2025-10-17 02:36:32,146 [INFO] 
Epoch 9/50
2025-10-17 02:36:32,688 [INFO] Batch 0: load=0.31s, train=0.23s
2025-10-17 02:36:34,988 [INFO] Batch 10: load=0.00s, train=0.23s
2025-10-17 02:36:37,288 [INFO] Batch 20: load=0.00s, train=0.23s
2025-10-17 02:36:39,586 [INFO] Batch 30: load=0.00s, train=0.23s
2025-10-17 02:36:41,886 [INFO] Batch 40: load=0.00s, train=0.23s
2025-10-17 02:36:44,018 [INFO] Batch 50: load=0.00s, train=0.07s
2025-10-17 02:36:47,857 [INFO] Epoch 9 Results:
2025-10-17 02:36:47,857 [INFO]   Train Loss: 0.513962
2025-10-17 02:36:47,857 [INFO]   Val Loss: 0.081461
2025-10-17 02:36:47,857 [INFO]   Val L2 Distance: 0.3497
2025-10-17 02:36:47,857 [INFO]   Val Cosine Sim: 0.9034
2025-10-17 02:36:47,857 [INFO]   Learning Rate: 0.000092
2025-10-17 02:36:47,935 [INFO] New best model! Val loss: 0.0815
2025-10-17 02:36:47,935 [INFO] 
Epoch 10/50
2025-10-17 02:36:48,412 [INFO] Batch 0: load=0.24s, train=0.23s
2025-10-17 02:36:50,713 [INFO] Batch 10: load=0.00s, train=0.23s
2025-10-17 02:36:53,017 [INFO] Batch 20: load=0.00s, train=0.23s
2025-10-17 02:36:55,322 [INFO] Batch 30: load=0.00s, train=0.23s
2025-10-17 02:36:57,621 [INFO] Batch 40: load=0.00s, train=0.23s
2025-10-17 02:36:59,755 [INFO] Batch 50: load=0.00s, train=0.06s
2025-10-17 02:37:03,613 [INFO] Epoch 10 Results:
2025-10-17 02:37:03,613 [INFO]   Train Loss: 0.515564
2025-10-17 02:37:03,613 [INFO]   Val Loss: 0.115202
2025-10-17 02:37:03,613 [INFO]   Val L2 Distance: 0.4018
2025-10-17 02:37:03,613 [INFO]   Val Cosine Sim: 0.8850
2025-10-17 02:37:03,613 [INFO]   Learning Rate: 0.000090
2025-10-17 02:37:03,683 [INFO] Saved checkpoint: results/part4/exp6_full_model/checkpoint_epoch_10.pth
2025-10-17 02:37:03,683 [INFO] 
Epoch 11/50
2025-10-17 02:37:04,217 [INFO] Batch 0: load=0.30s, train=0.23s
2025-10-17 02:37:06,526 [INFO] Batch 10: load=0.00s, train=0.23s
2025-10-17 02:37:08,822 [INFO] Batch 20: load=0.00s, train=0.23s
2025-10-17 02:37:11,124 [INFO] Batch 30: load=0.00s, train=0.23s
2025-10-17 02:37:13,428 [INFO] Batch 40: load=0.00s, train=0.23s
2025-10-17 02:37:15,569 [INFO] Batch 50: load=0.00s, train=0.07s
2025-10-17 02:37:19,422 [INFO] Epoch 11 Results:
2025-10-17 02:37:19,422 [INFO]   Train Loss: 0.525390
2025-10-17 02:37:19,422 [INFO]   Val Loss: 0.066773
2025-10-17 02:37:19,422 [INFO]   Val L2 Distance: 0.2939
2025-10-17 02:37:19,422 [INFO]   Val Cosine Sim: 0.9397
2025-10-17 02:37:19,422 [INFO]   Learning Rate: 0.000089
2025-10-17 02:37:19,501 [INFO] New best model! Val loss: 0.0668
2025-10-17 02:37:19,501 [INFO] 
Epoch 12/50
2025-10-17 02:37:19,976 [INFO] Batch 0: load=0.24s, train=0.23s
2025-10-17 02:37:22,276 [INFO] Batch 10: load=0.00s, train=0.23s
2025-10-17 02:37:24,577 [INFO] Batch 20: load=0.00s, train=0.23s
2025-10-17 02:37:26,876 [INFO] Batch 30: load=0.00s, train=0.23s
2025-10-17 02:37:29,173 [INFO] Batch 40: load=0.00s, train=0.23s
2025-10-17 02:37:31,310 [INFO] Batch 50: load=0.00s, train=0.07s
2025-10-17 02:37:35,127 [INFO] Epoch 12 Results:
2025-10-17 02:37:35,127 [INFO]   Train Loss: 0.463477
2025-10-17 02:37:35,127 [INFO]   Val Loss: 0.057479
2025-10-17 02:37:35,127 [INFO]   Val L2 Distance: 0.2997
2025-10-17 02:37:35,127 [INFO]   Val Cosine Sim: 0.9126
2025-10-17 02:37:35,127 [INFO]   Learning Rate: 0.000086
2025-10-17 02:37:35,204 [INFO] New best model! Val loss: 0.0575
2025-10-17 02:37:35,204 [INFO] 
Epoch 13/50
2025-10-17 02:37:35,713 [INFO] Batch 0: load=0.27s, train=0.23s
2025-10-17 02:37:38,014 [INFO] Batch 10: load=0.00s, train=0.23s
2025-10-17 02:37:40,312 [INFO] Batch 20: load=0.00s, train=0.23s
2025-10-17 02:37:42,609 [INFO] Batch 30: load=0.00s, train=0.23s
2025-10-17 02:37:44,915 [INFO] Batch 40: load=0.00s, train=0.23s
2025-10-17 02:37:47,049 [INFO] Batch 50: load=0.00s, train=0.07s
2025-10-17 02:37:50,957 [INFO] Epoch 13 Results:
2025-10-17 02:37:50,957 [INFO]   Train Loss: 0.441645
2025-10-17 02:37:50,957 [INFO]   Val Loss: 0.077161
2025-10-17 02:37:50,957 [INFO]   Val L2 Distance: 0.3241
2025-10-17 02:37:50,957 [INFO]   Val Cosine Sim: 0.9177
2025-10-17 02:37:50,957 [INFO]   Learning Rate: 0.000084
2025-10-17 02:37:50,958 [INFO] 
Epoch 14/50
2025-10-17 02:37:51,443 [INFO] Batch 0: load=0.25s, train=0.24s
2025-10-17 02:37:53,740 [INFO] Batch 10: load=0.00s, train=0.23s
2025-10-17 02:37:56,042 [INFO] Batch 20: load=0.00s, train=0.23s
2025-10-17 02:37:58,343 [INFO] Batch 30: load=0.00s, train=0.23s
2025-10-17 02:38:00,649 [INFO] Batch 40: load=0.00s, train=0.23s
2025-10-17 02:38:02,779 [INFO] Batch 50: load=0.00s, train=0.07s
2025-10-17 02:38:06,725 [INFO] Epoch 14 Results:
2025-10-17 02:38:06,725 [INFO]   Train Loss: 0.452712
2025-10-17 02:38:06,725 [INFO]   Val Loss: 0.071358
2025-10-17 02:38:06,725 [INFO]   Val L2 Distance: 0.3268
2025-10-17 02:38:06,725 [INFO]   Val Cosine Sim: 0.8918
2025-10-17 02:38:06,725 [INFO]   Learning Rate: 0.000082
2025-10-17 02:38:06,725 [INFO] 
Epoch 15/50
2025-10-17 02:38:07,245 [INFO] Batch 0: load=0.28s, train=0.23s
2025-10-17 02:38:09,544 [INFO] Batch 10: load=0.00s, train=0.23s
2025-10-17 02:38:11,839 [INFO] Batch 20: load=0.00s, train=0.23s
2025-10-17 02:38:14,138 [INFO] Batch 30: load=0.00s, train=0.23s
2025-10-17 02:38:16,440 [INFO] Batch 40: load=0.00s, train=0.23s
2025-10-17 02:38:18,583 [INFO] Batch 50: load=0.00s, train=0.07s
2025-10-17 02:38:22,420 [INFO] Epoch 15 Results:
2025-10-17 02:38:22,420 [INFO]   Train Loss: 0.435261
2025-10-17 02:38:22,420 [INFO]   Val Loss: 0.047173
2025-10-17 02:38:22,420 [INFO]   Val L2 Distance: 0.2801
2025-10-17 02:38:22,420 [INFO]   Val Cosine Sim: 0.9018
2025-10-17 02:38:22,420 [INFO]   Learning Rate: 0.000079
2025-10-17 02:38:22,501 [INFO] Saved checkpoint: results/part4/exp6_full_model/checkpoint_epoch_15.pth
2025-10-17 02:38:22,587 [INFO] New best model! Val loss: 0.0472
2025-10-17 02:38:22,587 [INFO] 
Epoch 16/50
2025-10-17 02:38:23,092 [INFO] Batch 0: load=0.27s, train=0.24s
2025-10-17 02:38:25,400 [INFO] Batch 10: load=0.00s, train=0.23s
2025-10-17 02:38:27,699 [INFO] Batch 20: load=0.00s, train=0.23s
2025-10-17 02:38:30,004 [INFO] Batch 30: load=0.00s, train=0.23s
2025-10-17 02:38:32,308 [INFO] Batch 40: load=0.00s, train=0.23s
2025-10-17 02:38:34,444 [INFO] Batch 50: load=0.00s, train=0.07s
2025-10-17 02:38:38,296 [INFO] Epoch 16 Results:
2025-10-17 02:38:38,296 [INFO]   Train Loss: 0.402108
2025-10-17 02:38:38,296 [INFO]   Val Loss: 0.048150
2025-10-17 02:38:38,296 [INFO]   Val L2 Distance: 0.2695
2025-10-17 02:38:38,296 [INFO]   Val Cosine Sim: 0.9215
2025-10-17 02:38:38,296 [INFO]   Learning Rate: 0.000077
2025-10-17 02:38:38,297 [INFO] 
Epoch 17/50
2025-10-17 02:38:38,790 [INFO] Batch 0: load=0.26s, train=0.23s
2025-10-17 02:38:41,092 [INFO] Batch 10: load=0.00s, train=0.23s
2025-10-17 02:38:43,394 [INFO] Batch 20: load=0.00s, train=0.23s
2025-10-17 02:38:45,707 [INFO] Batch 30: load=0.00s, train=0.23s
2025-10-17 02:38:48,011 [INFO] Batch 40: load=0.00s, train=0.23s
2025-10-17 02:38:50,149 [INFO] Batch 50: load=0.00s, train=0.06s
2025-10-17 02:38:53,961 [INFO] Epoch 17 Results:
2025-10-17 02:38:53,961 [INFO]   Train Loss: 0.386613
2025-10-17 02:38:53,961 [INFO]   Val Loss: 0.067926
2025-10-17 02:38:53,961 [INFO]   Val L2 Distance: 0.3027
2025-10-17 02:38:53,961 [INFO]   Val Cosine Sim: 0.9125
2025-10-17 02:38:53,961 [INFO]   Learning Rate: 0.000074
2025-10-17 02:38:53,961 [INFO] 
Epoch 18/50
2025-10-17 02:38:54,472 [INFO] Batch 0: load=0.28s, train=0.23s
2025-10-17 02:38:56,769 [INFO] Batch 10: load=0.00s, train=0.23s
2025-10-17 02:38:59,068 [INFO] Batch 20: load=0.00s, train=0.23s
2025-10-17 02:39:01,373 [INFO] Batch 30: load=0.00s, train=0.23s
2025-10-17 02:39:03,673 [INFO] Batch 40: load=0.00s, train=0.23s
2025-10-17 02:39:05,808 [INFO] Batch 50: load=0.00s, train=0.07s
2025-10-17 02:39:09,630 [INFO] Epoch 18 Results:
2025-10-17 02:39:09,630 [INFO]   Train Loss: 0.379031
2025-10-17 02:39:09,630 [INFO]   Val Loss: 0.043528
2025-10-17 02:39:09,630 [INFO]   Val L2 Distance: 0.2538
2025-10-17 02:39:09,630 [INFO]   Val Cosine Sim: 0.9274
2025-10-17 02:39:09,630 [INFO]   Learning Rate: 0.000071
2025-10-17 02:39:09,711 [INFO] New best model! Val loss: 0.0435
2025-10-17 02:39:09,711 [INFO] 
Epoch 19/50
2025-10-17 02:39:10,215 [INFO] Batch 0: load=0.27s, train=0.23s
2025-10-17 02:39:12,513 [INFO] Batch 10: load=0.00s, train=0.23s
2025-10-17 02:39:14,808 [INFO] Batch 20: load=0.00s, train=0.23s
2025-10-17 02:39:17,113 [INFO] Batch 30: load=0.00s, train=0.23s
2025-10-17 02:39:19,417 [INFO] Batch 40: load=0.00s, train=0.23s
2025-10-17 02:39:21,558 [INFO] Batch 50: load=0.00s, train=0.07s
2025-10-17 02:39:25,423 [INFO] Epoch 19 Results:
2025-10-17 02:39:25,423 [INFO]   Train Loss: 0.360145
2025-10-17 02:39:25,423 [INFO]   Val Loss: 0.032912
2025-10-17 02:39:25,423 [INFO]   Val L2 Distance: 0.2307
2025-10-17 02:39:25,423 [INFO]   Val Cosine Sim: 0.9066
2025-10-17 02:39:25,423 [INFO]   Learning Rate: 0.000068
2025-10-17 02:39:25,501 [INFO] New best model! Val loss: 0.0329
2025-10-17 02:39:25,502 [INFO] 
Epoch 20/50
2025-10-17 02:39:26,007 [INFO] Batch 0: load=0.27s, train=0.23s
2025-10-17 02:39:28,311 [INFO] Batch 10: load=0.00s, train=0.23s
2025-10-17 02:39:30,618 [INFO] Batch 20: load=0.00s, train=0.23s
2025-10-17 02:39:32,916 [INFO] Batch 30: load=0.00s, train=0.23s
2025-10-17 02:39:35,216 [INFO] Batch 40: load=0.00s, train=0.23s
2025-10-17 02:39:37,350 [INFO] Batch 50: load=0.00s, train=0.07s
2025-10-17 02:39:41,198 [INFO] Epoch 20 Results:
2025-10-17 02:39:41,198 [INFO]   Train Loss: 0.381983
2025-10-17 02:39:41,198 [INFO]   Val Loss: 0.030880
2025-10-17 02:39:41,198 [INFO]   Val L2 Distance: 0.2227
2025-10-17 02:39:41,198 [INFO]   Val Cosine Sim: 0.9313
2025-10-17 02:39:41,198 [INFO]   Learning Rate: 0.000065
2025-10-17 02:39:41,279 [INFO] Saved checkpoint: results/part4/exp6_full_model/checkpoint_epoch_20.pth
2025-10-17 02:39:41,368 [INFO] New best model! Val loss: 0.0309
2025-10-17 02:39:41,369 [INFO] 
Epoch 21/50
2025-10-17 02:39:41,905 [INFO] Batch 0: load=0.30s, train=0.23s
2025-10-17 02:39:44,206 [INFO] Batch 10: load=0.00s, train=0.23s
2025-10-17 02:39:46,505 [INFO] Batch 20: load=0.00s, train=0.23s
2025-10-17 02:39:48,810 [INFO] Batch 30: load=0.00s, train=0.23s
2025-10-17 02:39:51,112 [INFO] Batch 40: load=0.00s, train=0.23s
2025-10-17 02:39:53,245 [INFO] Batch 50: load=0.00s, train=0.07s
2025-10-17 02:39:57,131 [INFO] Epoch 21 Results:
2025-10-17 02:39:57,131 [INFO]   Train Loss: 0.319936
2025-10-17 02:39:57,131 [INFO]   Val Loss: 0.042104
2025-10-17 02:39:57,131 [INFO]   Val L2 Distance: 0.2269
2025-10-17 02:39:57,131 [INFO]   Val Cosine Sim: 0.9470
2025-10-17 02:39:57,131 [INFO]   Learning Rate: 0.000062
2025-10-17 02:39:57,131 [INFO] 
Epoch 22/50
2025-10-17 02:39:57,601 [INFO] Batch 0: load=0.23s, train=0.23s
2025-10-17 02:39:59,905 [INFO] Batch 10: load=0.00s, train=0.23s
2025-10-17 02:40:02,207 [INFO] Batch 20: load=0.00s, train=0.23s
2025-10-17 02:40:04,507 [INFO] Batch 30: load=0.00s, train=0.23s
2025-10-17 02:40:06,813 [INFO] Batch 40: load=0.00s, train=0.23s
2025-10-17 02:40:08,946 [INFO] Batch 50: load=0.00s, train=0.07s
2025-10-17 02:40:12,802 [INFO] Epoch 22 Results:
2025-10-17 02:40:12,802 [INFO]   Train Loss: 0.338386
2025-10-17 02:40:12,802 [INFO]   Val Loss: 0.028679
2025-10-17 02:40:12,802 [INFO]   Val L2 Distance: 0.2191
2025-10-17 02:40:12,802 [INFO]   Val Cosine Sim: 0.9087
2025-10-17 02:40:12,802 [INFO]   Learning Rate: 0.000059
2025-10-17 02:40:12,882 [INFO] New best model! Val loss: 0.0287
2025-10-17 02:40:12,882 [INFO] 
Epoch 23/50
2025-10-17 02:40:13,389 [INFO] Batch 0: load=0.27s, train=0.23s
2025-10-17 02:40:15,691 [INFO] Batch 10: load=0.00s, train=0.23s
2025-10-17 02:40:17,991 [INFO] Batch 20: load=0.00s, train=0.23s
2025-10-17 02:40:20,290 [INFO] Batch 30: load=0.00s, train=0.23s
2025-10-17 02:40:22,588 [INFO] Batch 40: load=0.00s, train=0.23s
2025-10-17 02:40:24,722 [INFO] Batch 50: load=0.00s, train=0.06s
2025-10-17 02:40:28,527 [INFO] Epoch 23 Results:
2025-10-17 02:40:28,527 [INFO]   Train Loss: 0.314327
2025-10-17 02:40:28,527 [INFO]   Val Loss: 0.032066
2025-10-17 02:40:28,527 [INFO]   Val L2 Distance: 0.2312
2025-10-17 02:40:28,528 [INFO]   Val Cosine Sim: 0.9208
2025-10-17 02:40:28,528 [INFO]   Learning Rate: 0.000056
2025-10-17 02:40:28,528 [INFO] 
Epoch 24/50
2025-10-17 02:40:29,051 [INFO] Batch 0: load=0.29s, train=0.23s
2025-10-17 02:40:31,354 [INFO] Batch 10: load=0.00s, train=0.23s
2025-10-17 02:40:33,655 [INFO] Batch 20: load=0.00s, train=0.23s
2025-10-17 02:40:35,963 [INFO] Batch 30: load=0.00s, train=0.23s
2025-10-17 02:40:38,265 [INFO] Batch 40: load=0.00s, train=0.23s
2025-10-17 02:40:40,394 [INFO] Batch 50: load=0.00s, train=0.06s
2025-10-17 02:40:44,268 [INFO] Epoch 24 Results:
2025-10-17 02:40:44,268 [INFO]   Train Loss: 0.270834
2025-10-17 02:40:44,268 [INFO]   Val Loss: 0.038769
2025-10-17 02:40:44,268 [INFO]   Val L2 Distance: 0.2319
2025-10-17 02:40:44,268 [INFO]   Val Cosine Sim: 0.9292
2025-10-17 02:40:44,268 [INFO]   Learning Rate: 0.000053
2025-10-17 02:40:44,268 [INFO] 
Epoch 25/50
2025-10-17 02:40:44,796 [INFO] Batch 0: load=0.29s, train=0.23s
2025-10-17 02:40:47,104 [INFO] Batch 10: load=0.00s, train=0.23s
2025-10-17 02:40:49,406 [INFO] Batch 20: load=0.00s, train=0.23s
2025-10-17 02:40:51,708 [INFO] Batch 30: load=0.00s, train=0.23s
2025-10-17 02:40:54,007 [INFO] Batch 40: load=0.00s, train=0.23s
2025-10-17 02:40:56,140 [INFO] Batch 50: load=0.00s, train=0.07s
2025-10-17 02:41:00,002 [INFO] Epoch 25 Results:
2025-10-17 02:41:00,002 [INFO]   Train Loss: 0.267565
2025-10-17 02:41:00,002 [INFO]   Val Loss: 0.022909
2025-10-17 02:41:00,002 [INFO]   Val L2 Distance: 0.1976
2025-10-17 02:41:00,002 [INFO]   Val Cosine Sim: 0.9195
2025-10-17 02:41:00,002 [INFO]   Learning Rate: 0.000050
2025-10-17 02:41:00,072 [INFO] Saved checkpoint: results/part4/exp6_full_model/checkpoint_epoch_25.pth
2025-10-17 02:41:00,148 [INFO] New best model! Val loss: 0.0229
2025-10-17 02:41:00,148 [INFO] 
Epoch 26/50
2025-10-17 02:41:00,652 [INFO] Batch 0: load=0.27s, train=0.23s
2025-10-17 02:41:02,962 [INFO] Batch 10: load=0.00s, train=0.23s
2025-10-17 02:41:05,266 [INFO] Batch 20: load=0.00s, train=0.23s
2025-10-17 02:41:07,567 [INFO] Batch 30: load=0.00s, train=0.23s
2025-10-17 02:41:09,877 [INFO] Batch 40: load=0.00s, train=0.23s
2025-10-17 02:41:12,012 [INFO] Batch 50: load=0.00s, train=0.07s
2025-10-17 02:41:15,830 [INFO] Epoch 26 Results:
2025-10-17 02:41:15,830 [INFO]   Train Loss: 0.278449
2025-10-17 02:41:15,830 [INFO]   Val Loss: 0.033883
2025-10-17 02:41:15,830 [INFO]   Val L2 Distance: 0.2239
2025-10-17 02:41:15,830 [INFO]   Val Cosine Sim: 0.9231
2025-10-17 02:41:15,830 [INFO]   Learning Rate: 0.000047
2025-10-17 02:41:15,831 [INFO] 
Epoch 27/50
2025-10-17 02:41:16,340 [INFO] Batch 0: load=0.28s, train=0.23s
2025-10-17 02:41:18,642 [INFO] Batch 10: load=0.00s, train=0.23s
2025-10-17 02:41:20,945 [INFO] Batch 20: load=0.00s, train=0.23s
2025-10-17 02:41:23,246 [INFO] Batch 30: load=0.00s, train=0.23s
2025-10-17 02:41:25,548 [INFO] Batch 40: load=0.00s, train=0.23s
2025-10-17 02:41:27,680 [INFO] Batch 50: load=0.00s, train=0.07s
2025-10-17 02:41:31,591 [INFO] Epoch 27 Results:
2025-10-17 02:41:31,591 [INFO]   Train Loss: 0.239067
2025-10-17 02:41:31,591 [INFO]   Val Loss: 0.029691
2025-10-17 02:41:31,591 [INFO]   Val L2 Distance: 0.2117
2025-10-17 02:41:31,591 [INFO]   Val Cosine Sim: 0.9164
2025-10-17 02:41:31,591 [INFO]   Learning Rate: 0.000044
2025-10-17 02:41:31,591 [INFO] 
Epoch 28/50
2025-10-17 02:41:32,092 [INFO] Batch 0: load=0.27s, train=0.24s
2025-10-17 02:41:34,392 [INFO] Batch 10: load=0.00s, train=0.23s
2025-10-17 02:41:36,695 [INFO] Batch 20: load=0.00s, train=0.23s
2025-10-17 02:41:38,993 [INFO] Batch 30: load=0.00s, train=0.23s
2025-10-17 02:41:41,289 [INFO] Batch 40: load=0.00s, train=0.23s
2025-10-17 02:41:43,423 [INFO] Batch 50: load=0.00s, train=0.07s
2025-10-17 02:41:47,230 [INFO] Epoch 28 Results:
2025-10-17 02:41:47,230 [INFO]   Train Loss: 0.247536
2025-10-17 02:41:47,230 [INFO]   Val Loss: 0.031060
2025-10-17 02:41:47,230 [INFO]   Val L2 Distance: 0.2059
2025-10-17 02:41:47,230 [INFO]   Val Cosine Sim: 0.9155
2025-10-17 02:41:47,230 [INFO]   Learning Rate: 0.000041
2025-10-17 02:41:47,230 [INFO] 
Epoch 29/50
2025-10-17 02:41:47,740 [INFO] Batch 0: load=0.28s, train=0.23s
2025-10-17 02:41:50,038 [INFO] Batch 10: load=0.00s, train=0.23s
2025-10-17 02:41:52,341 [INFO] Batch 20: load=0.00s, train=0.23s
2025-10-17 02:41:54,639 [INFO] Batch 30: load=0.00s, train=0.23s
2025-10-17 02:41:56,937 [INFO] Batch 40: load=0.00s, train=0.23s
2025-10-17 02:41:59,069 [INFO] Batch 50: load=0.00s, train=0.07s
2025-10-17 02:42:02,870 [INFO] Epoch 29 Results:
2025-10-17 02:42:02,871 [INFO]   Train Loss: 0.274939
2025-10-17 02:42:02,871 [INFO]   Val Loss: 0.028431
2025-10-17 02:42:02,871 [INFO]   Val L2 Distance: 0.2111
2025-10-17 02:42:02,871 [INFO]   Val Cosine Sim: 0.9079
2025-10-17 02:42:02,871 [INFO]   Learning Rate: 0.000038
2025-10-17 02:42:02,871 [INFO] 
Epoch 30/50
2025-10-17 02:42:03,365 [INFO] Batch 0: load=0.26s, train=0.24s
2025-10-17 02:42:05,667 [INFO] Batch 10: load=0.00s, train=0.23s
2025-10-17 02:42:07,977 [INFO] Batch 20: load=0.00s, train=0.23s
2025-10-17 02:42:10,276 [INFO] Batch 30: load=0.00s, train=0.23s
2025-10-17 02:42:12,582 [INFO] Batch 40: load=0.00s, train=0.23s
2025-10-17 02:42:14,718 [INFO] Batch 50: load=0.00s, train=0.07s
2025-10-17 02:42:18,534 [INFO] Epoch 30 Results:
2025-10-17 02:42:18,535 [INFO]   Train Loss: 0.244944
2025-10-17 02:42:18,535 [INFO]   Val Loss: 0.025890
2025-10-17 02:42:18,535 [INFO]   Val L2 Distance: 0.2080
2025-10-17 02:42:18,535 [INFO]   Val Cosine Sim: 0.9054
2025-10-17 02:42:18,535 [INFO]   Learning Rate: 0.000035
2025-10-17 02:42:18,608 [INFO] Saved checkpoint: results/part4/exp6_full_model/checkpoint_epoch_30.pth
2025-10-17 02:42:18,609 [INFO] 
Epoch 31/50
2025-10-17 02:42:19,087 [INFO] Batch 0: load=0.24s, train=0.24s
2025-10-17 02:42:21,390 [INFO] Batch 10: load=0.00s, train=0.23s
2025-10-17 02:42:23,692 [INFO] Batch 20: load=0.00s, train=0.23s
2025-10-17 02:42:25,994 [INFO] Batch 30: load=0.00s, train=0.23s
2025-10-17 02:42:28,293 [INFO] Batch 40: load=0.00s, train=0.23s
2025-10-17 02:42:30,426 [INFO] Batch 50: load=0.00s, train=0.07s
2025-10-17 02:42:34,297 [INFO] Epoch 31 Results:
2025-10-17 02:42:34,297 [INFO]   Train Loss: 0.222716
2025-10-17 02:42:34,298 [INFO]   Val Loss: 0.027206
2025-10-17 02:42:34,298 [INFO]   Val L2 Distance: 0.2184
2025-10-17 02:42:34,298 [INFO]   Val Cosine Sim: 0.8998
2025-10-17 02:42:34,298 [INFO]   Learning Rate: 0.000032
2025-10-17 02:42:34,298 [INFO] 
Epoch 32/50
2025-10-17 02:42:34,801 [INFO] Batch 0: load=0.27s, train=0.23s
2025-10-17 02:42:37,109 [INFO] Batch 10: load=0.00s, train=0.23s
2025-10-17 02:42:39,407 [INFO] Batch 20: load=0.00s, train=0.23s
2025-10-17 02:42:41,706 [INFO] Batch 30: load=0.00s, train=0.23s
2025-10-17 02:42:44,003 [INFO] Batch 40: load=0.00s, train=0.23s
2025-10-17 02:42:46,137 [INFO] Batch 50: load=0.00s, train=0.07s
2025-10-17 02:42:49,961 [INFO] Epoch 32 Results:
2025-10-17 02:42:49,961 [INFO]   Train Loss: 0.190939
2025-10-17 02:42:49,961 [INFO]   Val Loss: 0.025260
2025-10-17 02:42:49,961 [INFO]   Val L2 Distance: 0.1954
2025-10-17 02:42:49,961 [INFO]   Val Cosine Sim: 0.9169
2025-10-17 02:42:49,961 [INFO]   Learning Rate: 0.000029
2025-10-17 02:42:49,962 [INFO] 
Epoch 33/50
2025-10-17 02:42:50,476 [INFO] Batch 0: load=0.28s, train=0.23s
2025-10-17 02:42:52,779 [INFO] Batch 10: load=0.00s, train=0.23s
2025-10-17 02:42:55,083 [INFO] Batch 20: load=0.00s, train=0.23s
2025-10-17 02:42:57,385 [INFO] Batch 30: load=0.00s, train=0.23s
2025-10-17 02:42:59,687 [INFO] Batch 40: load=0.00s, train=0.23s
2025-10-17 02:43:01,823 [INFO] Batch 50: load=0.00s, train=0.07s
2025-10-17 02:43:05,666 [INFO] Epoch 33 Results:
2025-10-17 02:43:05,666 [INFO]   Train Loss: 0.208777
2025-10-17 02:43:05,666 [INFO]   Val Loss: 0.023263
2025-10-17 02:43:05,666 [INFO]   Val L2 Distance: 0.2028
2025-10-17 02:43:05,666 [INFO]   Val Cosine Sim: 0.8952
2025-10-17 02:43:05,666 [INFO]   Learning Rate: 0.000026
2025-10-17 02:43:05,666 [INFO] 
Epoch 34/50
2025-10-17 02:43:06,182 [INFO] Batch 0: load=0.28s, train=0.23s
2025-10-17 02:43:08,481 [INFO] Batch 10: load=0.00s, train=0.23s
2025-10-17 02:43:10,785 [INFO] Batch 20: load=0.00s, train=0.23s
2025-10-17 02:43:13,088 [INFO] Batch 30: load=0.00s, train=0.23s
2025-10-17 02:43:15,392 [INFO] Batch 40: load=0.00s, train=0.23s
2025-10-17 02:43:17,531 [INFO] Batch 50: load=0.00s, train=0.06s
2025-10-17 02:43:21,417 [INFO] Epoch 34 Results:
2025-10-17 02:43:21,417 [INFO]   Train Loss: 0.198804
2025-10-17 02:43:21,417 [INFO]   Val Loss: 0.018497
2025-10-17 02:43:21,417 [INFO]   Val L2 Distance: 0.1852
2025-10-17 02:43:21,417 [INFO]   Val Cosine Sim: 0.8981
2025-10-17 02:43:21,417 [INFO]   Learning Rate: 0.000023
2025-10-17 02:43:21,505 [INFO] New best model! Val loss: 0.0185
2025-10-17 02:43:21,506 [INFO] 
Epoch 35/50
2025-10-17 02:43:22,024 [INFO] Batch 0: load=0.29s, train=0.23s
2025-10-17 02:43:24,325 [INFO] Batch 10: load=0.00s, train=0.23s
2025-10-17 02:43:26,623 [INFO] Batch 20: load=0.00s, train=0.23s
2025-10-17 02:43:28,931 [INFO] Batch 30: load=0.00s, train=0.23s
2025-10-17 02:43:31,235 [INFO] Batch 40: load=0.00s, train=0.23s
2025-10-17 02:43:33,371 [INFO] Batch 50: load=0.00s, train=0.07s
2025-10-17 02:43:37,229 [INFO] Epoch 35 Results:
2025-10-17 02:43:37,229 [INFO]   Train Loss: 0.182397
2025-10-17 02:43:37,229 [INFO]   Val Loss: 0.020645
2025-10-17 02:43:37,229 [INFO]   Val L2 Distance: 0.1849
2025-10-17 02:43:37,229 [INFO]   Val Cosine Sim: 0.9068
2025-10-17 02:43:37,229 [INFO]   Learning Rate: 0.000021
2025-10-17 02:43:37,300 [INFO] Saved checkpoint: results/part4/exp6_full_model/checkpoint_epoch_35.pth
2025-10-17 02:43:37,300 [INFO] 
Epoch 36/50
2025-10-17 02:43:37,784 [INFO] Batch 0: load=0.25s, train=0.24s
2025-10-17 02:43:40,090 [INFO] Batch 10: load=0.00s, train=0.23s
2025-10-17 02:43:42,391 [INFO] Batch 20: load=0.00s, train=0.23s
2025-10-17 02:43:44,691 [INFO] Batch 30: load=0.00s, train=0.23s
2025-10-17 02:43:46,993 [INFO] Batch 40: load=0.00s, train=0.23s
2025-10-17 02:43:49,129 [INFO] Batch 50: load=0.00s, train=0.07s
2025-10-17 02:43:52,960 [INFO] Epoch 36 Results:
2025-10-17 02:43:52,960 [INFO]   Train Loss: 0.176189
2025-10-17 02:43:52,960 [INFO]   Val Loss: 0.016535
2025-10-17 02:43:52,960 [INFO]   Val L2 Distance: 0.1720
2025-10-17 02:43:52,960 [INFO]   Val Cosine Sim: 0.8944
2025-10-17 02:43:52,960 [INFO]   Learning Rate: 0.000018
2025-10-17 02:43:53,049 [INFO] New best model! Val loss: 0.0165
2025-10-17 02:43:53,050 [INFO] 
Epoch 37/50
2025-10-17 02:43:53,526 [INFO] Batch 0: load=0.24s, train=0.24s
2025-10-17 02:43:55,823 [INFO] Batch 10: load=0.00s, train=0.23s
2025-10-17 02:43:58,119 [INFO] Batch 20: load=0.00s, train=0.23s
2025-10-17 02:44:00,417 [INFO] Batch 30: load=0.00s, train=0.23s
2025-10-17 02:44:02,721 [INFO] Batch 40: load=0.00s, train=0.23s
2025-10-17 02:44:04,858 [INFO] Batch 50: load=0.00s, train=0.07s
2025-10-17 02:44:08,711 [INFO] Epoch 37 Results:
2025-10-17 02:44:08,711 [INFO]   Train Loss: 0.156074
2025-10-17 02:44:08,711 [INFO]   Val Loss: 0.017595
2025-10-17 02:44:08,711 [INFO]   Val L2 Distance: 0.1758
2025-10-17 02:44:08,711 [INFO]   Val Cosine Sim: 0.8944
2025-10-17 02:44:08,711 [INFO]   Learning Rate: 0.000016
2025-10-17 02:44:08,711 [INFO] 
Epoch 38/50
2025-10-17 02:44:09,227 [INFO] Batch 0: load=0.28s, train=0.23s
2025-10-17 02:44:11,526 [INFO] Batch 10: load=0.00s, train=0.23s
2025-10-17 02:44:13,823 [INFO] Batch 20: load=0.00s, train=0.23s
2025-10-17 02:44:16,125 [INFO] Batch 30: load=0.00s, train=0.23s
2025-10-17 02:44:18,426 [INFO] Batch 40: load=0.00s, train=0.23s
2025-10-17 02:44:20,559 [INFO] Batch 50: load=0.00s, train=0.07s
2025-10-17 02:44:24,364 [INFO] Epoch 38 Results:
2025-10-17 02:44:24,364 [INFO]   Train Loss: 0.159384
2025-10-17 02:44:24,364 [INFO]   Val Loss: 0.018133
2025-10-17 02:44:24,364 [INFO]   Val L2 Distance: 0.1792
2025-10-17 02:44:24,364 [INFO]   Val Cosine Sim: 0.9054
2025-10-17 02:44:24,364 [INFO]   Learning Rate: 0.000014
2025-10-17 02:44:24,365 [INFO] 
Epoch 39/50
2025-10-17 02:44:24,883 [INFO] Batch 0: load=0.28s, train=0.24s
2025-10-17 02:44:27,186 [INFO] Batch 10: load=0.00s, train=0.23s
2025-10-17 02:44:29,486 [INFO] Batch 20: load=0.00s, train=0.23s
2025-10-17 02:44:31,789 [INFO] Batch 30: load=0.00s, train=0.23s
2025-10-17 02:44:34,089 [INFO] Batch 40: load=0.00s, train=0.23s
2025-10-17 02:44:36,225 [INFO] Batch 50: load=0.00s, train=0.07s
2025-10-17 02:44:40,112 [INFO] Epoch 39 Results:
2025-10-17 02:44:40,112 [INFO]   Train Loss: 0.163974
2025-10-17 02:44:40,112 [INFO]   Val Loss: 0.020579
2025-10-17 02:44:40,112 [INFO]   Val L2 Distance: 0.1918
2025-10-17 02:44:40,112 [INFO]   Val Cosine Sim: 0.8808
2025-10-17 02:44:40,112 [INFO]   Learning Rate: 0.000011
2025-10-17 02:44:40,113 [INFO] 
Epoch 40/50
2025-10-17 02:44:40,585 [INFO] Batch 0: load=0.24s, train=0.24s
2025-10-17 02:44:42,880 [INFO] Batch 10: load=0.00s, train=0.23s
2025-10-17 02:44:45,182 [INFO] Batch 20: load=0.00s, train=0.23s
2025-10-17 02:44:47,482 [INFO] Batch 30: load=0.00s, train=0.23s
2025-10-17 02:44:49,780 [INFO] Batch 40: load=0.00s, train=0.23s
2025-10-17 02:44:51,922 [INFO] Batch 50: load=0.00s, train=0.07s
2025-10-17 02:44:55,802 [INFO] Epoch 40 Results:
2025-10-17 02:44:55,802 [INFO]   Train Loss: 0.139340
2025-10-17 02:44:55,802 [INFO]   Val Loss: 0.018872
2025-10-17 02:44:55,802 [INFO]   Val L2 Distance: 0.1861
2025-10-17 02:44:55,802 [INFO]   Val Cosine Sim: 0.8839
2025-10-17 02:44:55,802 [INFO]   Learning Rate: 0.000010
2025-10-17 02:44:55,877 [INFO] Saved checkpoint: results/part4/exp6_full_model/checkpoint_epoch_40.pth
2025-10-17 02:44:55,877 [INFO] 
Epoch 41/50
2025-10-17 02:44:56,371 [INFO] Batch 0: load=0.26s, train=0.24s
2025-10-17 02:44:58,668 [INFO] Batch 10: load=0.00s, train=0.23s
2025-10-17 02:45:00,969 [INFO] Batch 20: load=0.00s, train=0.23s
2025-10-17 02:45:03,272 [INFO] Batch 30: load=0.00s, train=0.23s
2025-10-17 02:45:05,569 [INFO] Batch 40: load=0.00s, train=0.23s
2025-10-17 02:45:07,702 [INFO] Batch 50: load=0.00s, train=0.07s
2025-10-17 02:45:11,605 [INFO] Epoch 41 Results:
2025-10-17 02:45:11,605 [INFO]   Train Loss: 0.157917
2025-10-17 02:45:11,605 [INFO]   Val Loss: 0.017102
2025-10-17 02:45:11,605 [INFO]   Val L2 Distance: 0.1768
2025-10-17 02:45:11,605 [INFO]   Val Cosine Sim: 0.8888
2025-10-17 02:45:11,605 [INFO]   Learning Rate: 0.000008
2025-10-17 02:45:11,605 [INFO] 
Epoch 42/50
2025-10-17 02:45:12,070 [INFO] Batch 0: load=0.23s, train=0.23s
2025-10-17 02:45:14,383 [INFO] Batch 10: load=0.00s, train=0.23s
2025-10-17 02:45:16,680 [INFO] Batch 20: load=0.00s, train=0.23s
2025-10-17 02:45:18,983 [INFO] Batch 30: load=0.00s, train=0.23s
2025-10-17 02:45:21,281 [INFO] Batch 40: load=0.00s, train=0.23s
2025-10-17 02:45:23,417 [INFO] Batch 50: load=0.00s, train=0.07s
2025-10-17 02:45:27,236 [INFO] Epoch 42 Results:
2025-10-17 02:45:27,236 [INFO]   Train Loss: 0.132647
2025-10-17 02:45:27,236 [INFO]   Val Loss: 0.017738
2025-10-17 02:45:27,236 [INFO]   Val L2 Distance: 0.1807
2025-10-17 02:45:27,236 [INFO]   Val Cosine Sim: 0.8768
2025-10-17 02:45:27,236 [INFO]   Learning Rate: 0.000006
2025-10-17 02:45:27,236 [INFO] 
Epoch 43/50
2025-10-17 02:45:27,740 [INFO] Batch 0: load=0.27s, train=0.23s
2025-10-17 02:45:30,040 [INFO] Batch 10: load=0.00s, train=0.23s
2025-10-17 02:45:32,340 [INFO] Batch 20: load=0.00s, train=0.23s
2025-10-17 02:45:34,639 [INFO] Batch 30: load=0.00s, train=0.23s
2025-10-17 02:45:36,943 [INFO] Batch 40: load=0.00s, train=0.23s
2025-10-17 02:45:39,077 [INFO] Batch 50: load=0.00s, train=0.06s
2025-10-17 02:45:42,891 [INFO] Epoch 43 Results:
2025-10-17 02:45:42,891 [INFO]   Train Loss: 0.136613
2025-10-17 02:45:42,891 [INFO]   Val Loss: 0.017444
2025-10-17 02:45:42,891 [INFO]   Val L2 Distance: 0.1775
2025-10-17 02:45:42,891 [INFO]   Val Cosine Sim: 0.8793
2025-10-17 02:45:42,891 [INFO]   Learning Rate: 0.000005
2025-10-17 02:45:42,891 [INFO] 
Epoch 44/50
2025-10-17 02:45:43,377 [INFO] Batch 0: load=0.25s, train=0.23s
2025-10-17 02:45:45,679 [INFO] Batch 10: load=0.00s, train=0.23s
2025-10-17 02:45:47,983 [INFO] Batch 20: load=0.00s, train=0.23s
2025-10-17 02:45:50,288 [INFO] Batch 30: load=0.00s, train=0.23s
2025-10-17 02:45:52,587 [INFO] Batch 40: load=0.00s, train=0.23s
2025-10-17 02:45:54,717 [INFO] Batch 50: load=0.00s, train=0.07s
2025-10-17 02:45:58,584 [INFO] Epoch 44 Results:
2025-10-17 02:45:58,584 [INFO]   Train Loss: 0.143942
2025-10-17 02:45:58,584 [INFO]   Val Loss: 0.018418
2025-10-17 02:45:58,584 [INFO]   Val L2 Distance: 0.1825
2025-10-17 02:45:58,584 [INFO]   Val Cosine Sim: 0.8725
2025-10-17 02:45:58,584 [INFO]   Learning Rate: 0.000004
2025-10-17 02:45:58,585 [INFO] 
Epoch 45/50
2025-10-17 02:45:59,095 [INFO] Batch 0: load=0.28s, train=0.23s
2025-10-17 02:46:01,401 [INFO] Batch 10: load=0.00s, train=0.23s
2025-10-17 02:46:03,707 [INFO] Batch 20: load=0.00s, train=0.23s
2025-10-17 02:46:06,008 [INFO] Batch 30: load=0.00s, train=0.23s
2025-10-17 02:46:08,311 [INFO] Batch 40: load=0.00s, train=0.23s
2025-10-17 02:46:10,446 [INFO] Batch 50: load=0.00s, train=0.07s
2025-10-17 02:46:14,299 [INFO] Epoch 45 Results:
2025-10-17 02:46:14,299 [INFO]   Train Loss: 0.129555
2025-10-17 02:46:14,299 [INFO]   Val Loss: 0.015597
2025-10-17 02:46:14,299 [INFO]   Val L2 Distance: 0.1692
2025-10-17 02:46:14,299 [INFO]   Val Cosine Sim: 0.8775
2025-10-17 02:46:14,299 [INFO]   Learning Rate: 0.000002
2025-10-17 02:46:14,369 [INFO] Saved checkpoint: results/part4/exp6_full_model/checkpoint_epoch_45.pth
2025-10-17 02:46:14,445 [INFO] New best model! Val loss: 0.0156
2025-10-17 02:46:14,445 [INFO] 
Epoch 46/50
2025-10-17 02:46:14,940 [INFO] Batch 0: load=0.26s, train=0.23s
2025-10-17 02:46:17,242 [INFO] Batch 10: load=0.00s, train=0.23s
2025-10-17 02:46:19,544 [INFO] Batch 20: load=0.00s, train=0.23s
2025-10-17 02:46:21,856 [INFO] Batch 30: load=0.00s, train=0.23s
2025-10-17 02:46:24,160 [INFO] Batch 40: load=0.00s, train=0.23s
2025-10-17 02:46:26,293 [INFO] Batch 50: load=0.00s, train=0.07s
2025-10-17 02:46:30,156 [INFO] Epoch 46 Results:
2025-10-17 02:46:30,156 [INFO]   Train Loss: 0.139169
2025-10-17 02:46:30,156 [INFO]   Val Loss: 0.017025
2025-10-17 02:46:30,156 [INFO]   Val L2 Distance: 0.1761
2025-10-17 02:46:30,156 [INFO]   Val Cosine Sim: 0.8703
2025-10-17 02:46:30,156 [INFO]   Learning Rate: 0.000002
2025-10-17 02:46:30,156 [INFO] 
Epoch 47/50
2025-10-17 02:46:30,650 [INFO] Batch 0: load=0.26s, train=0.24s
2025-10-17 02:46:32,952 [INFO] Batch 10: load=0.00s, train=0.23s
2025-10-17 02:46:35,255 [INFO] Batch 20: load=0.00s, train=0.23s
2025-10-17 02:46:37,553 [INFO] Batch 30: load=0.00s, train=0.23s
2025-10-17 02:46:39,855 [INFO] Batch 40: load=0.00s, train=0.23s
2025-10-17 02:46:41,988 [INFO] Batch 50: load=0.00s, train=0.06s
2025-10-17 02:46:45,859 [INFO] Epoch 47 Results:
2025-10-17 02:46:45,859 [INFO]   Train Loss: 0.135810
2025-10-17 02:46:45,859 [INFO]   Val Loss: 0.016718
2025-10-17 02:46:45,859 [INFO]   Val L2 Distance: 0.1755
2025-10-17 02:46:45,860 [INFO]   Val Cosine Sim: 0.8704
2025-10-17 02:46:45,860 [INFO]   Learning Rate: 0.000001
2025-10-17 02:46:45,860 [INFO] 
Epoch 48/50
2025-10-17 02:46:46,375 [INFO] Batch 0: load=0.28s, train=0.24s
2025-10-17 02:46:48,677 [INFO] Batch 10: load=0.00s, train=0.23s
2025-10-17 02:46:50,980 [INFO] Batch 20: load=0.00s, train=0.23s
2025-10-17 02:46:53,279 [INFO] Batch 30: load=0.00s, train=0.23s
2025-10-17 02:46:55,579 [INFO] Batch 40: load=0.00s, train=0.23s
2025-10-17 02:46:57,714 [INFO] Batch 50: load=0.00s, train=0.07s
2025-10-17 02:47:01,559 [INFO] Epoch 48 Results:
2025-10-17 02:47:01,559 [INFO]   Train Loss: 0.135437
2025-10-17 02:47:01,559 [INFO]   Val Loss: 0.017939
2025-10-17 02:47:01,559 [INFO]   Val L2 Distance: 0.1828
2025-10-17 02:47:01,559 [INFO]   Val Cosine Sim: 0.8657
2025-10-17 02:47:01,559 [INFO]   Learning Rate: 0.000000
2025-10-17 02:47:01,560 [INFO] 
Epoch 49/50
2025-10-17 02:47:02,043 [INFO] Batch 0: load=0.25s, train=0.24s
2025-10-17 02:47:04,343 [INFO] Batch 10: load=0.00s, train=0.23s
2025-10-17 02:47:06,649 [INFO] Batch 20: load=0.00s, train=0.23s
2025-10-17 02:47:08,946 [INFO] Batch 30: load=0.00s, train=0.23s
2025-10-17 02:47:11,279 [INFO] Batch 40: load=0.00s, train=0.23s
2025-10-17 02:47:13,442 [INFO] Batch 50: load=0.00s, train=0.07s
2025-10-17 02:47:17,348 [INFO] Epoch 49 Results:
2025-10-17 02:47:17,348 [INFO]   Train Loss: 0.115726
2025-10-17 02:47:17,348 [INFO]   Val Loss: 0.016765
2025-10-17 02:47:17,348 [INFO]   Val L2 Distance: 0.1770
2025-10-17 02:47:17,348 [INFO]   Val Cosine Sim: 0.8651
2025-10-17 02:47:17,348 [INFO]   Learning Rate: 0.000000
2025-10-17 02:47:17,348 [INFO] 
Epoch 50/50
2025-10-17 02:47:17,853 [INFO] Batch 0: load=0.27s, train=0.24s
2025-10-17 02:47:20,183 [INFO] Batch 10: load=0.00s, train=0.23s
2025-10-17 02:47:22,509 [INFO] Batch 20: load=0.00s, train=0.24s
2025-10-17 02:47:24,813 [INFO] Batch 30: load=0.00s, train=0.23s
2025-10-17 02:47:27,112 [INFO] Batch 40: load=0.00s, train=0.23s
2025-10-17 02:47:29,245 [INFO] Batch 50: load=0.00s, train=0.07s
2025-10-17 02:47:33,058 [INFO] Epoch 50 Results:
2025-10-17 02:47:33,058 [INFO]   Train Loss: 0.127411
2025-10-17 02:47:33,058 [INFO]   Val Loss: 0.018004
2025-10-17 02:47:33,058 [INFO]   Val L2 Distance: 0.1832
2025-10-17 02:47:33,058 [INFO]   Val Cosine Sim: 0.8633
2025-10-17 02:47:33,058 [INFO]   Learning Rate: 0.000000
2025-10-17 02:47:33,133 [INFO] Saved checkpoint: results/part4/exp6_full_model/checkpoint_epoch_50.pth
2025-10-17 02:47:33,209 [INFO] Training complete! Final model: results/part4/exp6_full_model/final_model.pth
