2025-10-17 20:14:32,127 [INFO] ============================================================
2025-10-17 20:14:32,127 [INFO] Starting training
2025-10-17 20:14:32,127 [INFO] ============================================================
2025-10-17 20:14:32,127 [INFO] Config: {'experiment_name': 'exp4_spatial_frequency_large', 'seed': 42, 'model': {'model_type': 'custom', 'input_channels': 3, 'base_channels': 64, 'depth': 4, 'bottleneck_dim': 512, 'use_multiscale': False}, 'loss': {'spatial_weight': 1.0, 'frequency_weight': 1.0, 'contrastive_weight': 0.0, 'temperature': 0.07, 'use_improved_losses': False}, 'training': {'batch_size': 16, 'learning_rate': 0.0001, 'epochs': 50, 'weight_decay': 1e-05, 'use_scheduler': True, 'save_every': 5}, 'data': {'train_dir': 'data/part4_dataset_large_split/train', 'test_dir': 'data/part4_dataset_large_split/test', 'resolution': 256, 'num_workers': 4}, 'output': {'checkpoint_dir': 'results/part4/exp4_spatial_frequency_large'}}
2025-10-17 20:14:32,128 [INFO] Random seed: 42
2025-10-17 20:14:32,305 [INFO] Using device: cuda
2025-10-17 20:14:32,305 [INFO] CUDA available: True
2025-10-17 20:14:32,346 [INFO] CUDA device count: 1
2025-10-17 20:14:32,347 [INFO] CUDA device name: NVIDIA GeForce RTX 3070
2025-10-17 20:14:32,347 [INFO] Setting up data loaders...
2025-10-17 20:14:32,352 [INFO] Train batches: 101
2025-10-17 20:14:32,352 [INFO] Test batches: 25
2025-10-17 20:14:32,352 [INFO] Creating model...
2025-10-17 20:14:32,602 [INFO] Model parameters: 5,171,328
2025-10-17 20:14:32,604 [INFO] Starting training loop...
2025-10-17 20:14:32,604 [INFO] 
Epoch 1/50
2025-10-17 20:14:33,632 [INFO] Batch 0: load=0.32s, train=0.71s
2025-10-17 20:14:35,893 [INFO] Batch 10: load=0.00s, train=0.22s
2025-10-17 20:14:38,130 [INFO] Batch 20: load=0.00s, train=0.22s
2025-10-17 20:14:40,365 [INFO] Batch 30: load=0.00s, train=0.22s
2025-10-17 20:14:42,603 [INFO] Batch 40: load=0.00s, train=0.22s
2025-10-17 20:14:44,839 [INFO] Batch 50: load=0.00s, train=0.22s
2025-10-17 20:14:47,072 [INFO] Batch 60: load=0.00s, train=0.22s
2025-10-17 20:14:49,317 [INFO] Batch 70: load=0.00s, train=0.23s
2025-10-17 20:14:51,613 [INFO] Batch 80: load=0.00s, train=0.22s
2025-10-17 20:14:53,928 [INFO] Batch 90: load=0.00s, train=0.23s
2025-10-17 20:14:56,291 [INFO] Batch 100: load=0.00s, train=0.16s
2025-10-17 20:15:03,517 [INFO] Epoch 1 Results:
2025-10-17 20:15:03,517 [INFO]   Train Loss: 1.513546
2025-10-17 20:15:03,517 [INFO]   Val Loss: 0.192854
2025-10-17 20:15:03,517 [INFO]   Val L2 Distance: 0.8596
2025-10-17 20:15:03,517 [INFO]   Val Cosine Sim: 0.9837
2025-10-17 20:15:03,517 [INFO]   Learning Rate: 0.000100
2025-10-17 20:15:03,589 [INFO] New best model! Val loss: 0.1929
2025-10-17 20:15:03,589 [INFO] 
Epoch 2/50
2025-10-17 20:15:04,095 [INFO] Batch 0: load=0.28s, train=0.23s
2025-10-17 20:15:06,335 [INFO] Batch 10: load=0.00s, train=0.22s
2025-10-17 20:15:08,575 [INFO] Batch 20: load=0.00s, train=0.22s
2025-10-17 20:15:10,812 [INFO] Batch 30: load=0.00s, train=0.22s
2025-10-17 20:15:13,050 [INFO] Batch 40: load=0.00s, train=0.22s
2025-10-17 20:15:15,289 [INFO] Batch 50: load=0.00s, train=0.22s
2025-10-17 20:15:17,529 [INFO] Batch 60: load=0.00s, train=0.22s
2025-10-17 20:15:19,767 [INFO] Batch 70: load=0.00s, train=0.22s
2025-10-17 20:15:22,004 [INFO] Batch 80: load=0.00s, train=0.22s
2025-10-17 20:15:24,243 [INFO] Batch 90: load=0.00s, train=0.22s
2025-10-17 20:15:26,373 [INFO] Batch 100: load=0.00s, train=0.12s
2025-10-17 20:15:33,197 [INFO] Epoch 2 Results:
2025-10-17 20:15:33,198 [INFO]   Train Loss: 0.198336
2025-10-17 20:15:33,198 [INFO]   Val Loss: 0.073331
2025-10-17 20:15:33,198 [INFO]   Val L2 Distance: 0.5622
2025-10-17 20:15:33,198 [INFO]   Val Cosine Sim: 0.9888
2025-10-17 20:15:33,198 [INFO]   Learning Rate: 0.000100
2025-10-17 20:15:33,280 [INFO] New best model! Val loss: 0.0733
2025-10-17 20:15:33,280 [INFO] 
Epoch 3/50
2025-10-17 20:15:33,760 [INFO] Batch 0: load=0.25s, train=0.23s
2025-10-17 20:15:35,998 [INFO] Batch 10: load=0.00s, train=0.22s
2025-10-17 20:15:38,235 [INFO] Batch 20: load=0.00s, train=0.22s
2025-10-17 20:15:40,473 [INFO] Batch 30: load=0.00s, train=0.22s
2025-10-17 20:15:42,713 [INFO] Batch 40: load=0.00s, train=0.22s
2025-10-17 20:15:44,951 [INFO] Batch 50: load=0.00s, train=0.22s
2025-10-17 20:15:47,189 [INFO] Batch 60: load=0.00s, train=0.22s
2025-10-17 20:15:49,429 [INFO] Batch 70: load=0.00s, train=0.22s
2025-10-17 20:15:51,667 [INFO] Batch 80: load=0.00s, train=0.22s
2025-10-17 20:15:53,911 [INFO] Batch 90: load=0.00s, train=0.22s
2025-10-17 20:15:56,046 [INFO] Batch 100: load=0.00s, train=0.12s
2025-10-17 20:16:02,950 [INFO] Epoch 3 Results:
2025-10-17 20:16:02,950 [INFO]   Train Loss: 0.109202
2025-10-17 20:16:02,950 [INFO]   Val Loss: 0.054818
2025-10-17 20:16:02,950 [INFO]   Val L2 Distance: 0.4921
2025-10-17 20:16:02,950 [INFO]   Val Cosine Sim: 0.9894
2025-10-17 20:16:02,950 [INFO]   Learning Rate: 0.000099
2025-10-17 20:16:03,032 [INFO] New best model! Val loss: 0.0548
2025-10-17 20:16:03,032 [INFO] 
Epoch 4/50
2025-10-17 20:16:03,526 [INFO] Batch 0: load=0.27s, train=0.23s
2025-10-17 20:16:05,827 [INFO] Batch 10: load=0.00s, train=0.23s
2025-10-17 20:16:08,187 [INFO] Batch 20: load=0.00s, train=0.25s
2025-10-17 20:16:10,624 [INFO] Batch 30: load=0.00s, train=0.25s
2025-10-17 20:16:13,065 [INFO] Batch 40: load=0.00s, train=0.24s
2025-10-17 20:16:15,465 [INFO] Batch 50: load=0.00s, train=0.24s
2025-10-17 20:16:17,856 [INFO] Batch 60: load=0.00s, train=0.24s
2025-10-17 20:16:20,250 [INFO] Batch 70: load=0.00s, train=0.23s
2025-10-17 20:16:22,689 [INFO] Batch 80: load=0.00s, train=0.24s
2025-10-17 20:16:25,023 [INFO] Batch 90: load=0.00s, train=0.22s
2025-10-17 20:16:27,305 [INFO] Batch 100: load=0.00s, train=0.13s
2025-10-17 20:16:34,171 [INFO] Epoch 4 Results:
2025-10-17 20:16:34,171 [INFO]   Train Loss: 0.075881
2025-10-17 20:16:34,171 [INFO]   Val Loss: 0.043199
2025-10-17 20:16:34,171 [INFO]   Val L2 Distance: 0.4332
2025-10-17 20:16:34,171 [INFO]   Val Cosine Sim: 0.9886
2025-10-17 20:16:34,171 [INFO]   Learning Rate: 0.000098
2025-10-17 20:16:34,269 [INFO] New best model! Val loss: 0.0432
2025-10-17 20:16:34,269 [INFO] 
Epoch 5/50
2025-10-17 20:16:34,848 [INFO] Batch 0: load=0.35s, train=0.23s
2025-10-17 20:16:37,288 [INFO] Batch 10: load=0.00s, train=0.24s
2025-10-17 20:16:39,675 [INFO] Batch 20: load=0.00s, train=0.24s
2025-10-17 20:16:42,003 [INFO] Batch 30: load=0.00s, train=0.23s
2025-10-17 20:16:44,328 [INFO] Batch 40: load=0.00s, train=0.23s
2025-10-17 20:16:46,690 [INFO] Batch 50: load=0.00s, train=0.24s
2025-10-17 20:16:49,066 [INFO] Batch 60: load=0.00s, train=0.24s
2025-10-17 20:16:51,414 [INFO] Batch 70: load=0.00s, train=0.23s
2025-10-17 20:16:53,733 [INFO] Batch 80: load=0.00s, train=0.23s
2025-10-17 20:16:56,078 [INFO] Batch 90: load=0.00s, train=0.24s
2025-10-17 20:16:58,336 [INFO] Batch 100: load=0.00s, train=0.12s
2025-10-17 20:17:05,550 [INFO] Epoch 5 Results:
2025-10-17 20:17:05,550 [INFO]   Train Loss: 0.057602
2025-10-17 20:17:05,551 [INFO]   Val Loss: 0.032357
2025-10-17 20:17:05,551 [INFO]   Val L2 Distance: 0.3778
2025-10-17 20:17:05,551 [INFO]   Val Cosine Sim: 0.9891
2025-10-17 20:17:05,551 [INFO]   Learning Rate: 0.000098
2025-10-17 20:17:05,622 [INFO] Saved checkpoint: results/part4/exp4_spatial_frequency_large/checkpoint_epoch_5.pth
2025-10-17 20:17:05,709 [INFO] New best model! Val loss: 0.0324
2025-10-17 20:17:05,709 [INFO] 
Epoch 6/50
2025-10-17 20:17:06,199 [INFO] Batch 0: load=0.25s, train=0.24s
2025-10-17 20:17:08,576 [INFO] Batch 10: load=0.00s, train=0.24s
2025-10-17 20:17:10,939 [INFO] Batch 20: load=0.00s, train=0.23s
2025-10-17 20:17:13,265 [INFO] Batch 30: load=0.00s, train=0.23s
2025-10-17 20:17:15,588 [INFO] Batch 40: load=0.00s, train=0.23s
2025-10-17 20:17:17,967 [INFO] Batch 50: load=0.00s, train=0.24s
2025-10-17 20:17:20,341 [INFO] Batch 60: load=0.00s, train=0.24s
2025-10-17 20:17:22,675 [INFO] Batch 70: load=0.00s, train=0.23s
2025-10-17 20:17:24,998 [INFO] Batch 80: load=0.00s, train=0.23s
2025-10-17 20:17:27,362 [INFO] Batch 90: load=0.00s, train=0.24s
2025-10-17 20:17:29,625 [INFO] Batch 100: load=0.00s, train=0.13s
2025-10-17 20:17:36,794 [INFO] Epoch 6 Results:
2025-10-17 20:17:36,795 [INFO]   Train Loss: 0.044643
2025-10-17 20:17:36,795 [INFO]   Val Loss: 0.025963
2025-10-17 20:17:36,795 [INFO]   Val L2 Distance: 0.3406
2025-10-17 20:17:36,795 [INFO]   Val Cosine Sim: 0.9890
2025-10-17 20:17:36,795 [INFO]   Learning Rate: 0.000096
2025-10-17 20:17:36,884 [INFO] New best model! Val loss: 0.0260
2025-10-17 20:17:36,884 [INFO] 
Epoch 7/50
2025-10-17 20:17:37,391 [INFO] Batch 0: load=0.26s, train=0.25s
2025-10-17 20:17:39,767 [INFO] Batch 10: load=0.00s, train=0.24s
2025-10-17 20:17:42,115 [INFO] Batch 20: load=0.00s, train=0.23s
2025-10-17 20:17:44,438 [INFO] Batch 30: load=0.00s, train=0.23s
2025-10-17 20:17:46,785 [INFO] Batch 40: load=0.00s, train=0.24s
2025-10-17 20:17:49,155 [INFO] Batch 50: load=0.00s, train=0.24s
2025-10-17 20:17:51,516 [INFO] Batch 60: load=0.00s, train=0.23s
2025-10-17 20:17:53,839 [INFO] Batch 70: load=0.00s, train=0.23s
2025-10-17 20:17:56,163 [INFO] Batch 80: load=0.00s, train=0.24s
2025-10-17 20:17:58,542 [INFO] Batch 90: load=0.00s, train=0.24s
2025-10-17 20:18:00,804 [INFO] Batch 100: load=0.00s, train=0.12s
2025-10-17 20:18:07,980 [INFO] Epoch 7 Results:
2025-10-17 20:18:07,981 [INFO]   Train Loss: 0.034737
2025-10-17 20:18:07,981 [INFO]   Val Loss: 0.020964
2025-10-17 20:18:07,981 [INFO]   Val L2 Distance: 0.2840
2025-10-17 20:18:07,981 [INFO]   Val Cosine Sim: 0.9909
2025-10-17 20:18:07,981 [INFO]   Learning Rate: 0.000095
2025-10-17 20:18:08,064 [INFO] New best model! Val loss: 0.0210
2025-10-17 20:18:08,064 [INFO] 
Epoch 8/50
2025-10-17 20:18:08,580 [INFO] Batch 0: load=0.27s, train=0.24s
2025-10-17 20:18:10,959 [INFO] Batch 10: load=0.00s, train=0.24s
2025-10-17 20:18:13,288 [INFO] Batch 20: load=0.00s, train=0.23s
2025-10-17 20:18:15,611 [INFO] Batch 30: load=0.00s, train=0.23s
2025-10-17 20:18:17,965 [INFO] Batch 40: load=0.00s, train=0.24s
2025-10-17 20:18:20,346 [INFO] Batch 50: load=0.00s, train=0.24s
2025-10-17 20:18:22,690 [INFO] Batch 60: load=0.00s, train=0.23s
2025-10-17 20:18:25,013 [INFO] Batch 70: load=0.00s, train=0.23s
2025-10-17 20:18:27,357 [INFO] Batch 80: load=0.00s, train=0.24s
2025-10-17 20:18:29,730 [INFO] Batch 90: load=0.00s, train=0.24s
2025-10-17 20:18:31,978 [INFO] Batch 100: load=0.00s, train=0.12s
2025-10-17 20:18:39,229 [INFO] Epoch 8 Results:
2025-10-17 20:18:39,229 [INFO]   Train Loss: 0.028881
2025-10-17 20:18:39,230 [INFO]   Val Loss: 0.017952
2025-10-17 20:18:39,230 [INFO]   Val L2 Distance: 0.2823
2025-10-17 20:18:39,230 [INFO]   Val Cosine Sim: 0.9894
2025-10-17 20:18:39,230 [INFO]   Learning Rate: 0.000094
2025-10-17 20:18:39,310 [INFO] New best model! Val loss: 0.0180
2025-10-17 20:18:39,310 [INFO] 
Epoch 9/50
2025-10-17 20:18:39,851 [INFO] Batch 0: load=0.30s, train=0.24s
2025-10-17 20:18:42,250 [INFO] Batch 10: load=0.00s, train=0.25s
2025-10-17 20:18:44,634 [INFO] Batch 20: load=0.00s, train=0.23s
2025-10-17 20:18:46,968 [INFO] Batch 30: load=0.00s, train=0.24s
2025-10-17 20:18:49,352 [INFO] Batch 40: load=0.00s, train=0.24s
2025-10-17 20:18:51,724 [INFO] Batch 50: load=0.00s, train=0.24s
2025-10-17 20:18:54,049 [INFO] Batch 60: load=0.00s, train=0.23s
2025-10-17 20:18:56,371 [INFO] Batch 70: load=0.00s, train=0.23s
2025-10-17 20:18:58,742 [INFO] Batch 80: load=0.00s, train=0.24s
2025-10-17 20:19:01,123 [INFO] Batch 90: load=0.00s, train=0.24s
2025-10-17 20:19:03,357 [INFO] Batch 100: load=0.00s, train=0.12s
2025-10-17 20:19:10,588 [INFO] Epoch 9 Results:
2025-10-17 20:19:10,588 [INFO]   Train Loss: 0.025497
2025-10-17 20:19:10,588 [INFO]   Val Loss: 0.014742
2025-10-17 20:19:10,588 [INFO]   Val L2 Distance: 0.2400
2025-10-17 20:19:10,588 [INFO]   Val Cosine Sim: 0.9909
2025-10-17 20:19:10,588 [INFO]   Learning Rate: 0.000092
2025-10-17 20:19:10,678 [INFO] New best model! Val loss: 0.0147
2025-10-17 20:19:10,679 [INFO] 
Epoch 10/50
2025-10-17 20:19:11,215 [INFO] Batch 0: load=0.29s, train=0.24s
2025-10-17 20:19:13,558 [INFO] Batch 10: load=0.00s, train=0.23s
2025-10-17 20:19:15,879 [INFO] Batch 20: load=0.00s, train=0.23s
2025-10-17 20:19:18,230 [INFO] Batch 30: load=0.00s, train=0.24s
2025-10-17 20:19:20,607 [INFO] Batch 40: load=0.00s, train=0.24s
2025-10-17 20:19:22,964 [INFO] Batch 50: load=0.00s, train=0.23s
2025-10-17 20:19:25,285 [INFO] Batch 60: load=0.00s, train=0.23s
2025-10-17 20:19:27,614 [INFO] Batch 70: load=0.00s, train=0.24s
2025-10-17 20:19:29,988 [INFO] Batch 80: load=0.00s, train=0.24s
2025-10-17 20:19:32,365 [INFO] Batch 90: load=0.00s, train=0.24s
2025-10-17 20:19:34,580 [INFO] Batch 100: load=0.00s, train=0.12s
2025-10-17 20:19:41,832 [INFO] Epoch 10 Results:
2025-10-17 20:19:41,832 [INFO]   Train Loss: 0.021350
2025-10-17 20:19:41,832 [INFO]   Val Loss: 0.011974
2025-10-17 20:19:41,832 [INFO]   Val L2 Distance: 0.2146
2025-10-17 20:19:41,832 [INFO]   Val Cosine Sim: 0.9916
2025-10-17 20:19:41,832 [INFO]   Learning Rate: 0.000090
2025-10-17 20:19:41,919 [INFO] Saved checkpoint: results/part4/exp4_spatial_frequency_large/checkpoint_epoch_10.pth
2025-10-17 20:19:42,062 [INFO] New best model! Val loss: 0.0120
2025-10-17 20:19:42,062 [INFO] 
Epoch 11/50
2025-10-17 20:19:42,595 [INFO] Batch 0: load=0.29s, train=0.24s
2025-10-17 20:19:44,920 [INFO] Batch 10: load=0.00s, train=0.23s
2025-10-17 20:19:47,242 [INFO] Batch 20: load=0.00s, train=0.23s
2025-10-17 20:19:49,610 [INFO] Batch 30: load=0.00s, train=0.24s
2025-10-17 20:19:51,988 [INFO] Batch 40: load=0.00s, train=0.24s
2025-10-17 20:19:54,326 [INFO] Batch 50: load=0.00s, train=0.23s
2025-10-17 20:19:56,645 [INFO] Batch 60: load=0.00s, train=0.23s
2025-10-17 20:19:58,997 [INFO] Batch 70: load=0.00s, train=0.24s
2025-10-17 20:20:01,372 [INFO] Batch 80: load=0.00s, train=0.24s
2025-10-17 20:20:03,725 [INFO] Batch 90: load=0.00s, train=0.23s
2025-10-17 20:20:05,942 [INFO] Batch 100: load=0.00s, train=0.12s
2025-10-17 20:20:13,142 [INFO] Epoch 11 Results:
2025-10-17 20:20:13,142 [INFO]   Train Loss: 0.019181
2025-10-17 20:20:13,142 [INFO]   Val Loss: 0.010424
2025-10-17 20:20:13,142 [INFO]   Val L2 Distance: 0.1988
2025-10-17 20:20:13,142 [INFO]   Val Cosine Sim: 0.9918
2025-10-17 20:20:13,142 [INFO]   Learning Rate: 0.000089
2025-10-17 20:20:13,229 [INFO] New best model! Val loss: 0.0104
2025-10-17 20:20:13,230 [INFO] 
Epoch 12/50
2025-10-17 20:20:13,776 [INFO] Batch 0: load=0.31s, train=0.24s
2025-10-17 20:20:16,101 [INFO] Batch 10: load=0.00s, train=0.23s
2025-10-17 20:20:18,440 [INFO] Batch 20: load=0.00s, train=0.24s
2025-10-17 20:20:20,812 [INFO] Batch 30: load=0.00s, train=0.24s
2025-10-17 20:20:23,175 [INFO] Batch 40: load=0.00s, train=0.23s
2025-10-17 20:20:25,498 [INFO] Batch 50: load=0.00s, train=0.23s
2025-10-17 20:20:27,824 [INFO] Batch 60: load=0.00s, train=0.23s
2025-10-17 20:20:30,193 [INFO] Batch 70: load=0.00s, train=0.24s
2025-10-17 20:20:32,565 [INFO] Batch 80: load=0.00s, train=0.24s
2025-10-17 20:20:34,898 [INFO] Batch 90: load=0.00s, train=0.23s
2025-10-17 20:20:37,109 [INFO] Batch 100: load=0.00s, train=0.12s
2025-10-17 20:20:44,376 [INFO] Epoch 12 Results:
2025-10-17 20:20:44,376 [INFO]   Train Loss: 0.016510
2025-10-17 20:20:44,376 [INFO]   Val Loss: 0.009620
2025-10-17 20:20:44,376 [INFO]   Val L2 Distance: 0.1897
2025-10-17 20:20:44,376 [INFO]   Val Cosine Sim: 0.9915
2025-10-17 20:20:44,376 [INFO]   Learning Rate: 0.000086
2025-10-17 20:20:44,463 [INFO] New best model! Val loss: 0.0096
2025-10-17 20:20:44,463 [INFO] 
Epoch 13/50
2025-10-17 20:20:45,008 [INFO] Batch 0: load=0.31s, train=0.23s
2025-10-17 20:20:47,328 [INFO] Batch 10: load=0.00s, train=0.23s
2025-10-17 20:20:49,688 [INFO] Batch 20: load=0.00s, train=0.24s
2025-10-17 20:20:52,065 [INFO] Batch 30: load=0.00s, train=0.24s
2025-10-17 20:20:54,407 [INFO] Batch 40: load=0.00s, train=0.23s
2025-10-17 20:20:56,728 [INFO] Batch 50: load=0.00s, train=0.23s
2025-10-17 20:20:59,071 [INFO] Batch 60: load=0.00s, train=0.24s
2025-10-17 20:21:01,444 [INFO] Batch 70: load=0.00s, train=0.24s
2025-10-17 20:21:03,807 [INFO] Batch 80: load=0.00s, train=0.23s
2025-10-17 20:21:06,129 [INFO] Batch 90: load=0.00s, train=0.23s
2025-10-17 20:21:08,340 [INFO] Batch 100: load=0.00s, train=0.12s
2025-10-17 20:21:15,589 [INFO] Epoch 13 Results:
2025-10-17 20:21:15,589 [INFO]   Train Loss: 0.014680
2025-10-17 20:21:15,589 [INFO]   Val Loss: 0.010702
2025-10-17 20:21:15,589 [INFO]   Val L2 Distance: 0.1963
2025-10-17 20:21:15,589 [INFO]   Val Cosine Sim: 0.9897
2025-10-17 20:21:15,589 [INFO]   Learning Rate: 0.000084
2025-10-17 20:21:15,590 [INFO] 
Epoch 14/50
2025-10-17 20:21:16,108 [INFO] Batch 0: load=0.28s, train=0.24s
2025-10-17 20:21:18,432 [INFO] Batch 10: load=0.00s, train=0.23s
2025-10-17 20:21:20,801 [INFO] Batch 20: load=0.00s, train=0.24s
2025-10-17 20:21:23,176 [INFO] Batch 30: load=0.00s, train=0.24s
2025-10-17 20:21:25,507 [INFO] Batch 40: load=0.00s, train=0.23s
2025-10-17 20:21:27,828 [INFO] Batch 50: load=0.00s, train=0.23s
2025-10-17 20:21:30,184 [INFO] Batch 60: load=0.00s, train=0.24s
2025-10-17 20:21:32,555 [INFO] Batch 70: load=0.00s, train=0.24s
2025-10-17 20:21:34,904 [INFO] Batch 80: load=0.00s, train=0.23s
2025-10-17 20:21:37,229 [INFO] Batch 90: load=0.00s, train=0.23s
2025-10-17 20:21:39,452 [INFO] Batch 100: load=0.00s, train=0.12s
2025-10-17 20:21:46,710 [INFO] Epoch 14 Results:
2025-10-17 20:21:46,710 [INFO]   Train Loss: 0.013229
2025-10-17 20:21:46,710 [INFO]   Val Loss: 0.007788
2025-10-17 20:21:46,710 [INFO]   Val L2 Distance: 0.1715
2025-10-17 20:21:46,711 [INFO]   Val Cosine Sim: 0.9918
2025-10-17 20:21:46,711 [INFO]   Learning Rate: 0.000082
2025-10-17 20:21:46,791 [INFO] New best model! Val loss: 0.0078
2025-10-17 20:21:46,791 [INFO] 
Epoch 15/50
2025-10-17 20:21:47,302 [INFO] Batch 0: load=0.27s, train=0.24s
2025-10-17 20:21:49,636 [INFO] Batch 10: load=0.00s, train=0.24s
2025-10-17 20:21:52,016 [INFO] Batch 20: load=0.00s, train=0.24s
2025-10-17 20:21:54,385 [INFO] Batch 30: load=0.00s, train=0.23s
2025-10-17 20:21:56,710 [INFO] Batch 40: load=0.00s, train=0.23s
2025-10-17 20:21:59,035 [INFO] Batch 50: load=0.00s, train=0.23s
2025-10-17 20:22:01,403 [INFO] Batch 60: load=0.00s, train=0.24s
2025-10-17 20:22:03,778 [INFO] Batch 70: load=0.00s, train=0.24s
2025-10-17 20:22:06,117 [INFO] Batch 80: load=0.00s, train=0.23s
2025-10-17 20:22:08,441 [INFO] Batch 90: load=0.00s, train=0.23s
2025-10-17 20:22:10,680 [INFO] Batch 100: load=0.00s, train=0.12s
2025-10-17 20:22:17,925 [INFO] Epoch 15 Results:
2025-10-17 20:22:17,925 [INFO]   Train Loss: 0.011813
2025-10-17 20:22:17,925 [INFO]   Val Loss: 0.006568
2025-10-17 20:22:17,925 [INFO]   Val L2 Distance: 0.1625
2025-10-17 20:22:17,925 [INFO]   Val Cosine Sim: 0.9921
2025-10-17 20:22:17,925 [INFO]   Learning Rate: 0.000079
2025-10-17 20:22:18,001 [INFO] Saved checkpoint: results/part4/exp4_spatial_frequency_large/checkpoint_epoch_15.pth
2025-10-17 20:22:18,083 [INFO] New best model! Val loss: 0.0066
2025-10-17 20:22:18,084 [INFO] 
Epoch 16/50
2025-10-17 20:22:18,623 [INFO] Batch 0: load=0.30s, train=0.24s
2025-10-17 20:22:20,985 [INFO] Batch 10: load=0.00s, train=0.24s
2025-10-17 20:22:23,358 [INFO] Batch 20: load=0.00s, train=0.24s
2025-10-17 20:22:25,700 [INFO] Batch 30: load=0.00s, train=0.23s
2025-10-17 20:22:28,024 [INFO] Batch 40: load=0.00s, train=0.23s
2025-10-17 20:22:30,360 [INFO] Batch 50: load=0.00s, train=0.24s
2025-10-17 20:22:32,737 [INFO] Batch 60: load=0.00s, train=0.24s
2025-10-17 20:22:35,104 [INFO] Batch 70: load=0.00s, train=0.23s
2025-10-17 20:22:37,424 [INFO] Batch 80: load=0.00s, train=0.23s
2025-10-17 20:22:39,745 [INFO] Batch 90: load=0.00s, train=0.23s
2025-10-17 20:22:42,002 [INFO] Batch 100: load=0.00s, train=0.12s
2025-10-17 20:22:49,189 [INFO] Epoch 16 Results:
2025-10-17 20:22:49,189 [INFO]   Train Loss: 0.010678
2025-10-17 20:22:49,189 [INFO]   Val Loss: 0.005054
2025-10-17 20:22:49,189 [INFO]   Val L2 Distance: 0.1388
2025-10-17 20:22:49,189 [INFO]   Val Cosine Sim: 0.9941
2025-10-17 20:22:49,189 [INFO]   Learning Rate: 0.000077
2025-10-17 20:22:49,274 [INFO] New best model! Val loss: 0.0051
2025-10-17 20:22:49,274 [INFO] 
Epoch 17/50
2025-10-17 20:22:49,787 [INFO] Batch 0: load=0.28s, train=0.24s
2025-10-17 20:22:52,154 [INFO] Batch 10: load=0.00s, train=0.24s
2025-10-17 20:22:54,525 [INFO] Batch 20: load=0.00s, train=0.24s
2025-10-17 20:22:56,857 [INFO] Batch 30: load=0.00s, train=0.23s
2025-10-17 20:22:59,212 [INFO] Batch 40: load=0.00s, train=0.23s
2025-10-17 20:23:01,569 [INFO] Batch 50: load=0.00s, train=0.24s
2025-10-17 20:23:03,948 [INFO] Batch 60: load=0.00s, train=0.24s
2025-10-17 20:23:06,298 [INFO] Batch 70: load=0.00s, train=0.23s
2025-10-17 20:23:08,615 [INFO] Batch 80: load=0.00s, train=0.23s
2025-10-17 20:23:10,951 [INFO] Batch 90: load=0.00s, train=0.24s
2025-10-17 20:23:13,213 [INFO] Batch 100: load=0.00s, train=0.12s
2025-10-17 20:23:20,350 [INFO] Epoch 17 Results:
2025-10-17 20:23:20,350 [INFO]   Train Loss: 0.009513
2025-10-17 20:23:20,350 [INFO]   Val Loss: 0.005921
2025-10-17 20:23:20,350 [INFO]   Val L2 Distance: 0.1504
2025-10-17 20:23:20,350 [INFO]   Val Cosine Sim: 0.9923
2025-10-17 20:23:20,350 [INFO]   Learning Rate: 0.000074
2025-10-17 20:23:20,350 [INFO] 
Epoch 18/50
2025-10-17 20:23:20,866 [INFO] Batch 0: load=0.27s, train=0.24s
2025-10-17 20:23:23,240 [INFO] Batch 10: load=0.00s, train=0.24s
2025-10-17 20:23:25,608 [INFO] Batch 20: load=0.00s, train=0.23s
2025-10-17 20:23:27,934 [INFO] Batch 30: load=0.00s, train=0.23s
2025-10-17 20:23:30,257 [INFO] Batch 40: load=0.00s, train=0.23s
2025-10-17 20:23:32,639 [INFO] Batch 50: load=0.00s, train=0.24s
2025-10-17 20:23:35,028 [INFO] Batch 60: load=0.00s, train=0.23s
2025-10-17 20:23:37,326 [INFO] Batch 70: load=0.00s, train=0.23s
2025-10-17 20:23:39,722 [INFO] Batch 80: load=0.00s, train=0.23s
2025-10-17 20:23:42,015 [INFO] Batch 90: load=0.00s, train=0.22s
2025-10-17 20:23:44,185 [INFO] Batch 100: load=0.00s, train=0.12s
2025-10-17 20:23:51,064 [INFO] Epoch 18 Results:
2025-10-17 20:23:51,064 [INFO]   Train Loss: 0.008802
2025-10-17 20:23:51,064 [INFO]   Val Loss: 0.005905
2025-10-17 20:23:51,064 [INFO]   Val L2 Distance: 0.1505
2025-10-17 20:23:51,064 [INFO]   Val Cosine Sim: 0.9916
2025-10-17 20:23:51,064 [INFO]   Learning Rate: 0.000071
2025-10-17 20:23:51,065 [INFO] 
Epoch 19/50
2025-10-17 20:23:51,545 [INFO] Batch 0: load=0.25s, train=0.23s
2025-10-17 20:23:53,783 [INFO] Batch 10: load=0.00s, train=0.22s
2025-10-17 20:23:56,055 [INFO] Batch 20: load=0.00s, train=0.23s
2025-10-17 20:23:58,325 [INFO] Batch 30: load=0.00s, train=0.23s
2025-10-17 20:24:00,633 [INFO] Batch 40: load=0.00s, train=0.26s
2025-10-17 20:24:03,040 [INFO] Batch 50: load=0.00s, train=0.24s
2025-10-17 20:24:05,424 [INFO] Batch 60: load=0.00s, train=0.24s
2025-10-17 20:24:07,762 [INFO] Batch 70: load=0.00s, train=0.23s
2025-10-17 20:24:10,086 [INFO] Batch 80: load=0.00s, train=0.23s
2025-10-17 20:24:12,438 [INFO] Batch 90: load=0.00s, train=0.24s
2025-10-17 20:24:14,693 [INFO] Batch 100: load=0.00s, train=0.12s
2025-10-17 20:24:21,870 [INFO] Epoch 19 Results:
2025-10-17 20:24:21,871 [INFO]   Train Loss: 0.008312
2025-10-17 20:24:21,871 [INFO]   Val Loss: 0.004921
2025-10-17 20:24:21,871 [INFO]   Val L2 Distance: 0.1380
2025-10-17 20:24:21,871 [INFO]   Val Cosine Sim: 0.9925
2025-10-17 20:24:21,871 [INFO]   Learning Rate: 0.000068
2025-10-17 20:24:21,955 [INFO] New best model! Val loss: 0.0049
2025-10-17 20:24:21,955 [INFO] 
Epoch 20/50
2025-10-17 20:24:22,476 [INFO] Batch 0: load=0.28s, train=0.24s
2025-10-17 20:24:24,848 [INFO] Batch 10: load=0.00s, train=0.24s
2025-10-17 20:24:27,212 [INFO] Batch 20: load=0.00s, train=0.23s
2025-10-17 20:24:29,535 [INFO] Batch 30: load=0.00s, train=0.23s
2025-10-17 20:24:31,860 [INFO] Batch 40: load=0.00s, train=0.24s
2025-10-17 20:24:34,233 [INFO] Batch 50: load=0.00s, train=0.24s
2025-10-17 20:24:36,607 [INFO] Batch 60: load=0.00s, train=0.24s
2025-10-17 20:24:38,936 [INFO] Batch 70: load=0.00s, train=0.23s
2025-10-17 20:24:41,261 [INFO] Batch 80: load=0.00s, train=0.23s
2025-10-17 20:24:43,618 [INFO] Batch 90: load=0.00s, train=0.24s
2025-10-17 20:24:45,879 [INFO] Batch 100: load=0.00s, train=0.12s
2025-10-17 20:24:53,079 [INFO] Epoch 20 Results:
2025-10-17 20:24:53,079 [INFO]   Train Loss: 0.007436
2025-10-17 20:24:53,079 [INFO]   Val Loss: 0.005179
2025-10-17 20:24:53,079 [INFO]   Val L2 Distance: 0.1421
2025-10-17 20:24:53,079 [INFO]   Val Cosine Sim: 0.9911
2025-10-17 20:24:53,079 [INFO]   Learning Rate: 0.000065
2025-10-17 20:24:53,154 [INFO] Saved checkpoint: results/part4/exp4_spatial_frequency_large/checkpoint_epoch_20.pth
2025-10-17 20:24:53,154 [INFO] 
Epoch 21/50
2025-10-17 20:24:53,653 [INFO] Batch 0: load=0.25s, train=0.24s
2025-10-17 20:24:56,031 [INFO] Batch 10: load=0.00s, train=0.24s
2025-10-17 20:24:58,383 [INFO] Batch 20: load=0.00s, train=0.23s
2025-10-17 20:25:00,706 [INFO] Batch 30: load=0.00s, train=0.23s
2025-10-17 20:25:03,046 [INFO] Batch 40: load=0.00s, train=0.24s
2025-10-17 20:25:05,420 [INFO] Batch 50: load=0.00s, train=0.24s
2025-10-17 20:25:07,788 [INFO] Batch 60: load=0.00s, train=0.23s
2025-10-17 20:25:10,112 [INFO] Batch 70: load=0.00s, train=0.23s
2025-10-17 20:25:12,436 [INFO] Batch 80: load=0.00s, train=0.23s
2025-10-17 20:25:14,802 [INFO] Batch 90: load=0.00s, train=0.24s
2025-10-17 20:25:17,063 [INFO] Batch 100: load=0.00s, train=0.12s
2025-10-17 20:25:24,241 [INFO] Epoch 21 Results:
2025-10-17 20:25:24,241 [INFO]   Train Loss: 0.007377
2025-10-17 20:25:24,241 [INFO]   Val Loss: 0.004386
2025-10-17 20:25:24,241 [INFO]   Val L2 Distance: 0.1245
2025-10-17 20:25:24,241 [INFO]   Val Cosine Sim: 0.9934
2025-10-17 20:25:24,241 [INFO]   Learning Rate: 0.000062
2025-10-17 20:25:24,325 [INFO] New best model! Val loss: 0.0044
2025-10-17 20:25:24,325 [INFO] 
Epoch 22/50
2025-10-17 20:25:24,838 [INFO] Batch 0: load=0.27s, train=0.24s
2025-10-17 20:25:27,213 [INFO] Batch 10: load=0.00s, train=0.24s
2025-10-17 20:25:29,547 [INFO] Batch 20: load=0.00s, train=0.23s
2025-10-17 20:25:31,875 [INFO] Batch 30: load=0.00s, train=0.23s
2025-10-17 20:25:34,225 [INFO] Batch 40: load=0.00s, train=0.24s
2025-10-17 20:25:36,599 [INFO] Batch 50: load=0.00s, train=0.24s
2025-10-17 20:25:38,957 [INFO] Batch 60: load=0.00s, train=0.23s
2025-10-17 20:25:41,278 [INFO] Batch 70: load=0.00s, train=0.23s
2025-10-17 20:25:43,608 [INFO] Batch 80: load=0.00s, train=0.24s
2025-10-17 20:25:45,985 [INFO] Batch 90: load=0.00s, train=0.24s
2025-10-17 20:25:48,243 [INFO] Batch 100: load=0.00s, train=0.12s
2025-10-17 20:25:55,451 [INFO] Epoch 22 Results:
2025-10-17 20:25:55,451 [INFO]   Train Loss: 0.006849
2025-10-17 20:25:55,451 [INFO]   Val Loss: 0.003942
2025-10-17 20:25:55,451 [INFO]   Val L2 Distance: 0.1234
2025-10-17 20:25:55,451 [INFO]   Val Cosine Sim: 0.9931
2025-10-17 20:25:55,451 [INFO]   Learning Rate: 0.000059
2025-10-17 20:25:55,542 [INFO] New best model! Val loss: 0.0039
2025-10-17 20:25:55,542 [INFO] 
Epoch 23/50
2025-10-17 20:25:56,032 [INFO] Batch 0: load=0.25s, train=0.24s
2025-10-17 20:25:58,407 [INFO] Batch 10: load=0.00s, train=0.24s
2025-10-17 20:26:00,732 [INFO] Batch 20: load=0.00s, train=0.23s
2025-10-17 20:26:03,053 [INFO] Batch 30: load=0.00s, train=0.23s
2025-10-17 20:26:05,418 [INFO] Batch 40: load=0.00s, train=0.24s
2025-10-17 20:26:07,793 [INFO] Batch 50: load=0.00s, train=0.24s
2025-10-17 20:26:10,136 [INFO] Batch 60: load=0.00s, train=0.23s
2025-10-17 20:26:12,456 [INFO] Batch 70: load=0.00s, train=0.23s
2025-10-17 20:26:14,814 [INFO] Batch 80: load=0.00s, train=0.24s
2025-10-17 20:26:17,187 [INFO] Batch 90: load=0.00s, train=0.24s
2025-10-17 20:26:19,434 [INFO] Batch 100: load=0.00s, train=0.12s
2025-10-17 20:26:26,606 [INFO] Epoch 23 Results:
2025-10-17 20:26:26,607 [INFO]   Train Loss: 0.006289
2025-10-17 20:26:26,607 [INFO]   Val Loss: 0.003574
2025-10-17 20:26:26,607 [INFO]   Val L2 Distance: 0.1176
2025-10-17 20:26:26,607 [INFO]   Val Cosine Sim: 0.9936
2025-10-17 20:26:26,607 [INFO]   Learning Rate: 0.000056
2025-10-17 20:26:26,688 [INFO] New best model! Val loss: 0.0036
2025-10-17 20:26:26,688 [INFO] 
Epoch 24/50
2025-10-17 20:26:27,221 [INFO] Batch 0: load=0.29s, train=0.24s
2025-10-17 20:26:29,587 [INFO] Batch 10: load=0.00s, train=0.23s
2025-10-17 20:26:31,910 [INFO] Batch 20: load=0.00s, train=0.23s
2025-10-17 20:26:34,239 [INFO] Batch 30: load=0.00s, train=0.24s
2025-10-17 20:26:36,619 [INFO] Batch 40: load=0.00s, train=0.24s
2025-10-17 20:26:38,992 [INFO] Batch 50: load=0.00s, train=0.24s
2025-10-17 20:26:41,319 [INFO] Batch 60: load=0.00s, train=0.23s
2025-10-17 20:26:43,641 [INFO] Batch 70: load=0.00s, train=0.23s
2025-10-17 20:26:46,016 [INFO] Batch 80: load=0.00s, train=0.24s
2025-10-17 20:26:48,393 [INFO] Batch 90: load=0.00s, train=0.24s
2025-10-17 20:26:50,619 [INFO] Batch 100: load=0.00s, train=0.12s
2025-10-17 20:26:57,851 [INFO] Epoch 24 Results:
2025-10-17 20:26:57,851 [INFO]   Train Loss: 0.005703
2025-10-17 20:26:57,851 [INFO]   Val Loss: 0.003891
2025-10-17 20:26:57,851 [INFO]   Val L2 Distance: 0.1213
2025-10-17 20:26:57,851 [INFO]   Val Cosine Sim: 0.9927
2025-10-17 20:26:57,851 [INFO]   Learning Rate: 0.000053
2025-10-17 20:26:57,851 [INFO] 
Epoch 25/50
2025-10-17 20:26:58,353 [INFO] Batch 0: load=0.26s, train=0.24s
2025-10-17 20:27:00,691 [INFO] Batch 10: load=0.00s, train=0.23s
2025-10-17 20:27:03,010 [INFO] Batch 20: load=0.00s, train=0.23s
2025-10-17 20:27:05,414 [INFO] Batch 30: load=0.00s, train=0.24s
2025-10-17 20:27:07,821 [INFO] Batch 40: load=0.00s, train=0.24s
2025-10-17 20:27:10,203 [INFO] Batch 50: load=0.00s, train=0.23s
2025-10-17 20:27:12,558 [INFO] Batch 60: load=0.00s, train=0.24s
2025-10-17 20:27:14,908 [INFO] Batch 70: load=0.00s, train=0.24s
2025-10-17 20:27:17,283 [INFO] Batch 80: load=0.00s, train=0.24s
2025-10-17 20:27:19,660 [INFO] Batch 90: load=0.00s, train=0.24s
2025-10-17 20:27:21,869 [INFO] Batch 100: load=0.00s, train=0.12s
2025-10-17 20:27:29,070 [INFO] Epoch 25 Results:
2025-10-17 20:27:29,071 [INFO]   Train Loss: 0.005511
2025-10-17 20:27:29,071 [INFO]   Val Loss: 0.003853
2025-10-17 20:27:29,071 [INFO]   Val L2 Distance: 0.1221
2025-10-17 20:27:29,071 [INFO]   Val Cosine Sim: 0.9920
2025-10-17 20:27:29,071 [INFO]   Learning Rate: 0.000050
2025-10-17 20:27:29,142 [INFO] Saved checkpoint: results/part4/exp4_spatial_frequency_large/checkpoint_epoch_25.pth
2025-10-17 20:27:29,142 [INFO] 
Epoch 26/50
2025-10-17 20:27:29,653 [INFO] Batch 0: load=0.27s, train=0.24s
2025-10-17 20:27:31,974 [INFO] Batch 10: load=0.00s, train=0.23s
2025-10-17 20:27:34,295 [INFO] Batch 20: load=0.00s, train=0.23s
2025-10-17 20:27:36,664 [INFO] Batch 30: load=0.00s, train=0.24s
2025-10-17 20:27:39,041 [INFO] Batch 40: load=0.00s, train=0.24s
2025-10-17 20:27:41,379 [INFO] Batch 50: load=0.00s, train=0.23s
2025-10-17 20:27:43,701 [INFO] Batch 60: load=0.00s, train=0.23s
2025-10-17 20:27:46,049 [INFO] Batch 70: load=0.00s, train=0.24s
2025-10-17 20:27:48,423 [INFO] Batch 80: load=0.00s, train=0.24s
2025-10-17 20:27:50,780 [INFO] Batch 90: load=0.00s, train=0.23s
2025-10-17 20:27:52,989 [INFO] Batch 100: load=0.00s, train=0.12s
2025-10-17 20:28:00,194 [INFO] Epoch 26 Results:
2025-10-17 20:28:00,194 [INFO]   Train Loss: 0.005224
2025-10-17 20:28:00,194 [INFO]   Val Loss: 0.003100
2025-10-17 20:28:00,194 [INFO]   Val L2 Distance: 0.1120
2025-10-17 20:28:00,194 [INFO]   Val Cosine Sim: 0.9933
2025-10-17 20:28:00,194 [INFO]   Learning Rate: 0.000047
2025-10-17 20:28:00,275 [INFO] New best model! Val loss: 0.0031
2025-10-17 20:28:00,276 [INFO] 
Epoch 27/50
2025-10-17 20:28:00,788 [INFO] Batch 0: load=0.27s, train=0.24s
2025-10-17 20:28:03,112 [INFO] Batch 10: load=0.00s, train=0.23s
2025-10-17 20:28:05,436 [INFO] Batch 20: load=0.00s, train=0.23s
2025-10-17 20:28:07,812 [INFO] Batch 30: load=0.00s, train=0.24s
2025-10-17 20:28:10,185 [INFO] Batch 40: load=0.00s, train=0.24s
2025-10-17 20:28:12,516 [INFO] Batch 50: load=0.00s, train=0.23s
2025-10-17 20:28:14,838 [INFO] Batch 60: load=0.00s, train=0.23s
2025-10-17 20:28:17,196 [INFO] Batch 70: load=0.00s, train=0.24s
2025-10-17 20:28:19,577 [INFO] Batch 80: load=0.00s, train=0.24s
2025-10-17 20:28:21,924 [INFO] Batch 90: load=0.00s, train=0.23s
2025-10-17 20:28:24,138 [INFO] Batch 100: load=0.00s, train=0.12s
2025-10-17 20:28:31,434 [INFO] Epoch 27 Results:
2025-10-17 20:28:31,434 [INFO]   Train Loss: 0.004855
2025-10-17 20:28:31,434 [INFO]   Val Loss: 0.003095
2025-10-17 20:28:31,435 [INFO]   Val L2 Distance: 0.1099
2025-10-17 20:28:31,435 [INFO]   Val Cosine Sim: 0.9935
2025-10-17 20:28:31,435 [INFO]   Learning Rate: 0.000044
2025-10-17 20:28:31,521 [INFO] New best model! Val loss: 0.0031
2025-10-17 20:28:31,521 [INFO] 
Epoch 28/50
2025-10-17 20:28:32,053 [INFO] Batch 0: load=0.29s, train=0.24s
2025-10-17 20:28:34,374 [INFO] Batch 10: load=0.00s, train=0.23s
2025-10-17 20:28:36,709 [INFO] Batch 20: load=0.00s, train=0.24s
2025-10-17 20:28:39,090 [INFO] Batch 30: load=0.00s, train=0.24s
2025-10-17 20:28:41,456 [INFO] Batch 40: load=0.00s, train=0.23s
2025-10-17 20:28:43,778 [INFO] Batch 50: load=0.00s, train=0.23s
2025-10-17 20:28:46,105 [INFO] Batch 60: load=0.00s, train=0.23s
2025-10-17 20:28:48,482 [INFO] Batch 70: load=0.00s, train=0.24s
2025-10-17 20:28:50,856 [INFO] Batch 80: load=0.00s, train=0.24s
2025-10-17 20:28:53,184 [INFO] Batch 90: load=0.00s, train=0.23s
2025-10-17 20:28:55,398 [INFO] Batch 100: load=0.00s, train=0.12s
2025-10-17 20:29:02,640 [INFO] Epoch 28 Results:
2025-10-17 20:29:02,640 [INFO]   Train Loss: 0.004873
2025-10-17 20:29:02,641 [INFO]   Val Loss: 0.003270
2025-10-17 20:29:02,641 [INFO]   Val L2 Distance: 0.1131
2025-10-17 20:29:02,641 [INFO]   Val Cosine Sim: 0.9927
2025-10-17 20:29:02,641 [INFO]   Learning Rate: 0.000041
2025-10-17 20:29:02,641 [INFO] 
Epoch 29/50
2025-10-17 20:29:03,134 [INFO] Batch 0: load=0.25s, train=0.24s
2025-10-17 20:29:05,458 [INFO] Batch 10: load=0.00s, train=0.23s
2025-10-17 20:29:07,811 [INFO] Batch 20: load=0.00s, train=0.24s
2025-10-17 20:29:10,188 [INFO] Batch 30: load=0.00s, train=0.24s
2025-10-17 20:29:12,534 [INFO] Batch 40: load=0.00s, train=0.23s
2025-10-17 20:29:14,855 [INFO] Batch 50: load=0.00s, train=0.23s
2025-10-17 20:29:17,199 [INFO] Batch 60: load=0.00s, train=0.24s
2025-10-17 20:29:19,578 [INFO] Batch 70: load=0.00s, train=0.24s
2025-10-17 20:29:21,936 [INFO] Batch 80: load=0.00s, train=0.23s
2025-10-17 20:29:24,262 [INFO] Batch 90: load=0.00s, train=0.23s
2025-10-17 20:29:26,479 [INFO] Batch 100: load=0.00s, train=0.13s
2025-10-17 20:29:33,757 [INFO] Epoch 29 Results:
2025-10-17 20:29:33,757 [INFO]   Train Loss: 0.004512
2025-10-17 20:29:33,757 [INFO]   Val Loss: 0.002641
2025-10-17 20:29:33,757 [INFO]   Val L2 Distance: 0.1031
2025-10-17 20:29:33,757 [INFO]   Val Cosine Sim: 0.9938
2025-10-17 20:29:33,757 [INFO]   Learning Rate: 0.000038
2025-10-17 20:29:33,847 [INFO] New best model! Val loss: 0.0026
2025-10-17 20:29:33,847 [INFO] 
Epoch 30/50
2025-10-17 20:29:34,331 [INFO] Batch 0: load=0.25s, train=0.24s
2025-10-17 20:29:36,654 [INFO] Batch 10: load=0.00s, train=0.23s
2025-10-17 20:29:39,037 [INFO] Batch 20: load=0.00s, train=0.24s
2025-10-17 20:29:41,415 [INFO] Batch 30: load=0.00s, train=0.24s
2025-10-17 20:29:43,742 [INFO] Batch 40: load=0.00s, train=0.23s
2025-10-17 20:29:46,065 [INFO] Batch 50: load=0.00s, train=0.23s
2025-10-17 20:29:48,419 [INFO] Batch 60: load=0.00s, train=0.24s
2025-10-17 20:29:50,793 [INFO] Batch 70: load=0.00s, train=0.24s
2025-10-17 20:29:53,141 [INFO] Batch 80: load=0.00s, train=0.23s
2025-10-17 20:29:55,461 [INFO] Batch 90: load=0.00s, train=0.23s
2025-10-17 20:29:57,683 [INFO] Batch 100: load=0.00s, train=0.12s
2025-10-17 20:30:04,963 [INFO] Epoch 30 Results:
2025-10-17 20:30:04,963 [INFO]   Train Loss: 0.004334
2025-10-17 20:30:04,963 [INFO]   Val Loss: 0.002560
2025-10-17 20:30:04,964 [INFO]   Val L2 Distance: 0.0999
2025-10-17 20:30:04,964 [INFO]   Val Cosine Sim: 0.9943
2025-10-17 20:30:04,964 [INFO]   Learning Rate: 0.000035
2025-10-17 20:30:05,039 [INFO] Saved checkpoint: results/part4/exp4_spatial_frequency_large/checkpoint_epoch_30.pth
2025-10-17 20:30:05,121 [INFO] New best model! Val loss: 0.0026
2025-10-17 20:30:05,121 [INFO] 
Epoch 31/50
2025-10-17 20:30:05,651 [INFO] Batch 0: load=0.29s, train=0.23s
2025-10-17 20:30:07,993 [INFO] Batch 10: load=0.00s, train=0.24s
2025-10-17 20:30:10,369 [INFO] Batch 20: load=0.00s, train=0.23s
2025-10-17 20:30:12,732 [INFO] Batch 30: load=0.00s, train=0.23s
2025-10-17 20:30:15,053 [INFO] Batch 40: load=0.00s, train=0.23s
2025-10-17 20:30:17,379 [INFO] Batch 50: load=0.00s, train=0.24s
2025-10-17 20:30:19,752 [INFO] Batch 60: load=0.00s, train=0.24s
2025-10-17 20:30:22,124 [INFO] Batch 70: load=0.00s, train=0.24s
2025-10-17 20:30:24,448 [INFO] Batch 80: load=0.00s, train=0.23s
2025-10-17 20:30:26,770 [INFO] Batch 90: load=0.00s, train=0.23s
2025-10-17 20:30:29,019 [INFO] Batch 100: load=0.00s, train=0.12s
2025-10-17 20:30:36,217 [INFO] Epoch 31 Results:
2025-10-17 20:30:36,217 [INFO]   Train Loss: 0.003999
2025-10-17 20:30:36,217 [INFO]   Val Loss: 0.002574
2025-10-17 20:30:36,217 [INFO]   Val L2 Distance: 0.1002
2025-10-17 20:30:36,217 [INFO]   Val Cosine Sim: 0.9939
2025-10-17 20:30:36,217 [INFO]   Learning Rate: 0.000032
2025-10-17 20:30:36,218 [INFO] 
Epoch 32/50
2025-10-17 20:30:36,739 [INFO] Batch 0: load=0.29s, train=0.23s
2025-10-17 20:30:39,098 [INFO] Batch 10: load=0.00s, train=0.24s
2025-10-17 20:30:41,475 [INFO] Batch 20: load=0.00s, train=0.24s
2025-10-17 20:30:43,823 [INFO] Batch 30: load=0.00s, train=0.23s
2025-10-17 20:30:46,146 [INFO] Batch 40: load=0.00s, train=0.23s
2025-10-17 20:30:48,488 [INFO] Batch 50: load=0.00s, train=0.24s
2025-10-17 20:30:50,860 [INFO] Batch 60: load=0.00s, train=0.24s
2025-10-17 20:30:53,220 [INFO] Batch 70: load=0.00s, train=0.23s
2025-10-17 20:30:55,543 [INFO] Batch 80: load=0.00s, train=0.23s
2025-10-17 20:30:57,865 [INFO] Batch 90: load=0.00s, train=0.23s
2025-10-17 20:31:00,126 [INFO] Batch 100: load=0.00s, train=0.12s
2025-10-17 20:31:07,369 [INFO] Epoch 32 Results:
2025-10-17 20:31:07,369 [INFO]   Train Loss: 0.003899
2025-10-17 20:31:07,369 [INFO]   Val Loss: 0.003247
2025-10-17 20:31:07,369 [INFO]   Val L2 Distance: 0.1155
2025-10-17 20:31:07,369 [INFO]   Val Cosine Sim: 0.9915
2025-10-17 20:31:07,369 [INFO]   Learning Rate: 0.000029
2025-10-17 20:31:07,369 [INFO] 
Epoch 33/50
2025-10-17 20:31:07,845 [INFO] Batch 0: load=0.24s, train=0.24s
2025-10-17 20:31:10,222 [INFO] Batch 10: load=0.00s, train=0.24s
2025-10-17 20:31:12,596 [INFO] Batch 20: load=0.00s, train=0.24s
2025-10-17 20:31:14,930 [INFO] Batch 30: load=0.00s, train=0.23s
2025-10-17 20:31:17,255 [INFO] Batch 40: load=0.00s, train=0.23s
2025-10-17 20:31:19,606 [INFO] Batch 50: load=0.00s, train=0.24s
2025-10-17 20:31:21,982 [INFO] Batch 60: load=0.00s, train=0.24s
2025-10-17 20:31:24,333 [INFO] Batch 70: load=0.00s, train=0.23s
2025-10-17 20:31:26,653 [INFO] Batch 80: load=0.00s, train=0.23s
2025-10-17 20:31:28,993 [INFO] Batch 90: load=0.00s, train=0.24s
2025-10-17 20:31:31,250 [INFO] Batch 100: load=0.00s, train=0.12s
2025-10-17 20:31:38,438 [INFO] Epoch 33 Results:
2025-10-17 20:31:38,438 [INFO]   Train Loss: 0.003843
2025-10-17 20:31:38,438 [INFO]   Val Loss: 0.002439
2025-10-17 20:31:38,438 [INFO]   Val L2 Distance: 0.0988
2025-10-17 20:31:38,438 [INFO]   Val Cosine Sim: 0.9938
2025-10-17 20:31:38,438 [INFO]   Learning Rate: 0.000026
2025-10-17 20:31:38,527 [INFO] New best model! Val loss: 0.0024
2025-10-17 20:31:38,527 [INFO] 
Epoch 34/50
2025-10-17 20:31:39,072 [INFO] Batch 0: load=0.30s, train=0.25s
2025-10-17 20:31:41,449 [INFO] Batch 10: load=0.00s, train=0.24s
2025-10-17 20:31:43,818 [INFO] Batch 20: load=0.00s, train=0.23s
2025-10-17 20:31:46,140 [INFO] Batch 30: load=0.00s, train=0.23s
2025-10-17 20:31:48,465 [INFO] Batch 40: load=0.00s, train=0.23s
2025-10-17 20:31:50,840 [INFO] Batch 50: load=0.00s, train=0.24s
2025-10-17 20:31:53,211 [INFO] Batch 60: load=0.00s, train=0.24s
2025-10-17 20:31:55,543 [INFO] Batch 70: load=0.00s, train=0.23s
2025-10-17 20:31:57,863 [INFO] Batch 80: load=0.00s, train=0.23s
2025-10-17 20:32:00,225 [INFO] Batch 90: load=0.00s, train=0.24s
2025-10-17 20:32:02,486 [INFO] Batch 100: load=0.00s, train=0.13s
2025-10-17 20:32:09,668 [INFO] Epoch 34 Results:
2025-10-17 20:32:09,668 [INFO]   Train Loss: 0.003716
2025-10-17 20:32:09,669 [INFO]   Val Loss: 0.001987
2025-10-17 20:32:09,669 [INFO]   Val L2 Distance: 0.0901
2025-10-17 20:32:09,669 [INFO]   Val Cosine Sim: 0.9950
2025-10-17 20:32:09,669 [INFO]   Learning Rate: 0.000023
2025-10-17 20:32:09,756 [INFO] New best model! Val loss: 0.0020
2025-10-17 20:32:09,756 [INFO] 
Epoch 35/50
2025-10-17 20:32:10,265 [INFO] Batch 0: load=0.27s, train=0.24s
2025-10-17 20:32:12,645 [INFO] Batch 10: load=0.00s, train=0.24s
2025-10-17 20:32:14,998 [INFO] Batch 20: load=0.00s, train=0.23s
2025-10-17 20:32:17,319 [INFO] Batch 30: load=0.00s, train=0.23s
2025-10-17 20:32:19,660 [INFO] Batch 40: load=0.00s, train=0.24s
2025-10-17 20:32:22,039 [INFO] Batch 50: load=0.00s, train=0.24s
2025-10-17 20:32:24,404 [INFO] Batch 60: load=0.00s, train=0.23s
2025-10-17 20:32:26,727 [INFO] Batch 70: load=0.00s, train=0.23s
2025-10-17 20:32:29,048 [INFO] Batch 80: load=0.00s, train=0.23s
2025-10-17 20:32:31,429 [INFO] Batch 90: load=0.00s, train=0.24s
2025-10-17 20:32:33,686 [INFO] Batch 100: load=0.00s, train=0.12s
2025-10-17 20:32:40,880 [INFO] Epoch 35 Results:
2025-10-17 20:32:40,880 [INFO]   Train Loss: 0.003551
2025-10-17 20:32:40,880 [INFO]   Val Loss: 0.002520
2025-10-17 20:32:40,880 [INFO]   Val L2 Distance: 0.1007
2025-10-17 20:32:40,880 [INFO]   Val Cosine Sim: 0.9932
2025-10-17 20:32:40,880 [INFO]   Learning Rate: 0.000021
2025-10-17 20:32:40,951 [INFO] Saved checkpoint: results/part4/exp4_spatial_frequency_large/checkpoint_epoch_35.pth
2025-10-17 20:32:40,951 [INFO] 
Epoch 36/50
2025-10-17 20:32:41,471 [INFO] Batch 0: load=0.28s, train=0.24s
2025-10-17 20:32:43,849 [INFO] Batch 10: load=0.00s, train=0.24s
2025-10-17 20:32:46,180 [INFO] Batch 20: load=0.00s, train=0.23s
2025-10-17 20:32:48,499 [INFO] Batch 30: load=0.00s, train=0.23s
2025-10-17 20:32:50,861 [INFO] Batch 40: load=0.00s, train=0.24s
2025-10-17 20:32:53,238 [INFO] Batch 50: load=0.00s, train=0.24s
2025-10-17 20:32:55,585 [INFO] Batch 60: load=0.00s, train=0.23s
2025-10-17 20:32:57,904 [INFO] Batch 70: load=0.00s, train=0.23s
2025-10-17 20:33:00,245 [INFO] Batch 80: load=0.00s, train=0.24s
2025-10-17 20:33:02,616 [INFO] Batch 90: load=0.00s, train=0.24s
2025-10-17 20:33:04,867 [INFO] Batch 100: load=0.00s, train=0.12s
2025-10-17 20:33:12,067 [INFO] Epoch 36 Results:
2025-10-17 20:33:12,067 [INFO]   Train Loss: 0.003395
2025-10-17 20:33:12,067 [INFO]   Val Loss: 0.002141
2025-10-17 20:33:12,067 [INFO]   Val L2 Distance: 0.0938
2025-10-17 20:33:12,067 [INFO]   Val Cosine Sim: 0.9942
2025-10-17 20:33:12,067 [INFO]   Learning Rate: 0.000018
2025-10-17 20:33:12,067 [INFO] 
Epoch 37/50
2025-10-17 20:33:12,597 [INFO] Batch 0: load=0.29s, train=0.24s
2025-10-17 20:33:14,966 [INFO] Batch 10: load=0.00s, train=0.23s
2025-10-17 20:33:17,291 [INFO] Batch 20: load=0.00s, train=0.23s
2025-10-17 20:33:19,623 [INFO] Batch 30: load=0.00s, train=0.23s
2025-10-17 20:33:22,007 [INFO] Batch 40: load=0.00s, train=0.24s
2025-10-17 20:33:24,390 [INFO] Batch 50: load=0.00s, train=0.24s
2025-10-17 20:33:26,724 [INFO] Batch 60: load=0.00s, train=0.23s
2025-10-17 20:33:29,059 [INFO] Batch 70: load=0.00s, train=0.23s
2025-10-17 20:33:31,422 [INFO] Batch 80: load=0.00s, train=0.24s
2025-10-17 20:33:33,803 [INFO] Batch 90: load=0.00s, train=0.24s
2025-10-17 20:33:36,048 [INFO] Batch 100: load=0.00s, train=0.12s
2025-10-17 20:33:43,261 [INFO] Epoch 37 Results:
2025-10-17 20:33:43,261 [INFO]   Train Loss: 0.003276
2025-10-17 20:33:43,261 [INFO]   Val Loss: 0.002208
2025-10-17 20:33:43,261 [INFO]   Val L2 Distance: 0.0959
2025-10-17 20:33:43,261 [INFO]   Val Cosine Sim: 0.9938
2025-10-17 20:33:43,261 [INFO]   Learning Rate: 0.000016
2025-10-17 20:33:43,261 [INFO] 
Epoch 38/50
2025-10-17 20:33:43,761 [INFO] Batch 0: load=0.26s, train=0.24s
2025-10-17 20:33:46,120 [INFO] Batch 10: load=0.00s, train=0.23s
2025-10-17 20:33:48,446 [INFO] Batch 20: load=0.00s, train=0.23s
2025-10-17 20:33:50,788 [INFO] Batch 30: load=0.00s, train=0.24s
2025-10-17 20:33:53,165 [INFO] Batch 40: load=0.00s, train=0.24s
2025-10-17 20:33:55,544 [INFO] Batch 50: load=0.00s, train=0.23s
2025-10-17 20:33:57,871 [INFO] Batch 60: load=0.00s, train=0.23s
2025-10-17 20:34:00,232 [INFO] Batch 70: load=0.00s, train=0.24s
2025-10-17 20:34:02,691 [INFO] Batch 80: load=0.00s, train=0.25s
2025-10-17 20:34:05,026 [INFO] Batch 90: load=0.00s, train=0.23s
2025-10-17 20:34:07,301 [INFO] Batch 100: load=0.00s, train=0.12s
2025-10-17 20:34:14,254 [INFO] Epoch 38 Results:
2025-10-17 20:34:14,254 [INFO]   Train Loss: 0.003235
2025-10-17 20:34:14,254 [INFO]   Val Loss: 0.001959
2025-10-17 20:34:14,254 [INFO]   Val L2 Distance: 0.0908
2025-10-17 20:34:14,254 [INFO]   Val Cosine Sim: 0.9945
2025-10-17 20:34:14,254 [INFO]   Learning Rate: 0.000014
2025-10-17 20:34:14,336 [INFO] New best model! Val loss: 0.0020
2025-10-17 20:34:14,337 [INFO] 
Epoch 39/50
2025-10-17 20:34:14,865 [INFO] Batch 0: load=0.30s, train=0.23s
2025-10-17 20:34:17,132 [INFO] Batch 10: load=0.00s, train=0.23s
2025-10-17 20:34:19,406 [INFO] Batch 20: load=0.00s, train=0.22s
2025-10-17 20:34:21,667 [INFO] Batch 30: load=0.00s, train=0.23s
2025-10-17 20:34:23,917 [INFO] Batch 40: load=0.00s, train=0.22s
2025-10-17 20:34:26,155 [INFO] Batch 50: load=0.00s, train=0.22s
2025-10-17 20:34:28,395 [INFO] Batch 60: load=0.00s, train=0.22s
2025-10-17 20:34:30,639 [INFO] Batch 70: load=0.00s, train=0.22s
2025-10-17 20:34:32,877 [INFO] Batch 80: load=0.00s, train=0.22s
2025-10-17 20:34:35,117 [INFO] Batch 90: load=0.00s, train=0.22s
2025-10-17 20:34:37,248 [INFO] Batch 100: load=0.00s, train=0.12s
2025-10-17 20:34:44,142 [INFO] Epoch 39 Results:
2025-10-17 20:34:44,142 [INFO]   Train Loss: 0.003260
2025-10-17 20:34:44,142 [INFO]   Val Loss: 0.001838
2025-10-17 20:34:44,143 [INFO]   Val L2 Distance: 0.0865
2025-10-17 20:34:44,143 [INFO]   Val Cosine Sim: 0.9949
2025-10-17 20:34:44,143 [INFO]   Learning Rate: 0.000011
2025-10-17 20:34:44,224 [INFO] New best model! Val loss: 0.0018
2025-10-17 20:34:44,224 [INFO] 
Epoch 40/50
2025-10-17 20:34:44,706 [INFO] Batch 0: load=0.25s, train=0.23s
2025-10-17 20:34:46,983 [INFO] Batch 10: load=0.00s, train=0.23s
2025-10-17 20:34:49,383 [INFO] Batch 20: load=0.00s, train=0.24s
2025-10-17 20:34:51,796 [INFO] Batch 30: load=0.00s, train=0.23s
2025-10-17 20:34:54,140 [INFO] Batch 40: load=0.00s, train=0.23s
2025-10-17 20:34:56,540 [INFO] Batch 50: load=0.00s, train=0.24s
2025-10-17 20:34:58,821 [INFO] Batch 60: load=0.00s, train=0.23s
2025-10-17 20:35:01,077 [INFO] Batch 70: load=0.00s, train=0.22s
2025-10-17 20:35:03,401 [INFO] Batch 80: load=0.00s, train=0.23s
2025-10-17 20:35:05,656 [INFO] Batch 90: load=0.00s, train=0.22s
2025-10-17 20:35:07,783 [INFO] Batch 100: load=0.00s, train=0.12s
2025-10-17 20:35:14,716 [INFO] Epoch 40 Results:
2025-10-17 20:35:14,716 [INFO]   Train Loss: 0.003116
2025-10-17 20:35:14,716 [INFO]   Val Loss: 0.002043
2025-10-17 20:35:14,716 [INFO]   Val L2 Distance: 0.0926
2025-10-17 20:35:14,716 [INFO]   Val Cosine Sim: 0.9941
2025-10-17 20:35:14,716 [INFO]   Learning Rate: 0.000010
2025-10-17 20:35:14,785 [INFO] Saved checkpoint: results/part4/exp4_spatial_frequency_large/checkpoint_epoch_40.pth
2025-10-17 20:35:14,785 [INFO] 
Epoch 41/50
2025-10-17 20:35:15,317 [INFO] Batch 0: load=0.30s, train=0.24s
2025-10-17 20:35:17,587 [INFO] Batch 10: load=0.00s, train=0.23s
2025-10-17 20:35:19,872 [INFO] Batch 20: load=0.00s, train=0.24s
2025-10-17 20:35:22,142 [INFO] Batch 30: load=0.00s, train=0.22s
2025-10-17 20:35:24,384 [INFO] Batch 40: load=0.00s, train=0.22s
2025-10-17 20:35:26,628 [INFO] Batch 50: load=0.00s, train=0.22s
2025-10-17 20:35:28,870 [INFO] Batch 60: load=0.00s, train=0.22s
2025-10-17 20:35:31,109 [INFO] Batch 70: load=0.00s, train=0.22s
2025-10-17 20:35:33,351 [INFO] Batch 80: load=0.00s, train=0.22s
2025-10-17 20:35:35,592 [INFO] Batch 90: load=0.00s, train=0.22s
2025-10-17 20:35:37,733 [INFO] Batch 100: load=0.00s, train=0.12s
2025-10-17 20:35:44,676 [INFO] Epoch 41 Results:
2025-10-17 20:35:44,676 [INFO]   Train Loss: 0.003065
2025-10-17 20:35:44,676 [INFO]   Val Loss: 0.001776
2025-10-17 20:35:44,676 [INFO]   Val L2 Distance: 0.0864
2025-10-17 20:35:44,676 [INFO]   Val Cosine Sim: 0.9948
2025-10-17 20:35:44,676 [INFO]   Learning Rate: 0.000008
2025-10-17 20:35:44,762 [INFO] New best model! Val loss: 0.0018
2025-10-17 20:35:44,762 [INFO] 
Epoch 42/50
2025-10-17 20:35:45,291 [INFO] Batch 0: load=0.30s, train=0.23s
2025-10-17 20:35:47,529 [INFO] Batch 10: load=0.00s, train=0.22s
2025-10-17 20:35:49,769 [INFO] Batch 20: load=0.00s, train=0.22s
2025-10-17 20:35:52,010 [INFO] Batch 30: load=0.00s, train=0.22s
2025-10-17 20:35:54,250 [INFO] Batch 40: load=0.00s, train=0.22s
2025-10-17 20:35:56,489 [INFO] Batch 50: load=0.00s, train=0.22s
2025-10-17 20:35:58,729 [INFO] Batch 60: load=0.00s, train=0.22s
2025-10-17 20:36:00,968 [INFO] Batch 70: load=0.00s, train=0.22s
2025-10-17 20:36:03,209 [INFO] Batch 80: load=0.00s, train=0.22s
2025-10-17 20:36:05,450 [INFO] Batch 90: load=0.00s, train=0.22s
2025-10-17 20:36:07,581 [INFO] Batch 100: load=0.00s, train=0.12s
2025-10-17 20:36:14,477 [INFO] Epoch 42 Results:
2025-10-17 20:36:14,477 [INFO]   Train Loss: 0.003048
2025-10-17 20:36:14,477 [INFO]   Val Loss: 0.001847
2025-10-17 20:36:14,477 [INFO]   Val L2 Distance: 0.0880
2025-10-17 20:36:14,477 [INFO]   Val Cosine Sim: 0.9945
2025-10-17 20:36:14,477 [INFO]   Learning Rate: 0.000006
2025-10-17 20:36:14,477 [INFO] 
Epoch 43/50
2025-10-17 20:36:14,997 [INFO] Batch 0: load=0.29s, train=0.23s
2025-10-17 20:36:17,239 [INFO] Batch 10: load=0.00s, train=0.22s
2025-10-17 20:36:19,475 [INFO] Batch 20: load=0.00s, train=0.22s
2025-10-17 20:36:21,716 [INFO] Batch 30: load=0.00s, train=0.22s
2025-10-17 20:36:23,953 [INFO] Batch 40: load=0.00s, train=0.22s
2025-10-17 20:36:26,192 [INFO] Batch 50: load=0.00s, train=0.22s
2025-10-17 20:36:28,430 [INFO] Batch 60: load=0.00s, train=0.22s
2025-10-17 20:36:30,669 [INFO] Batch 70: load=0.00s, train=0.22s
2025-10-17 20:36:32,906 [INFO] Batch 80: load=0.00s, train=0.22s
2025-10-17 20:36:35,143 [INFO] Batch 90: load=0.00s, train=0.22s
2025-10-17 20:36:37,274 [INFO] Batch 100: load=0.00s, train=0.12s
2025-10-17 20:36:44,206 [INFO] Epoch 43 Results:
2025-10-17 20:36:44,206 [INFO]   Train Loss: 0.002958
2025-10-17 20:36:44,206 [INFO]   Val Loss: 0.001759
2025-10-17 20:36:44,206 [INFO]   Val L2 Distance: 0.0859
2025-10-17 20:36:44,206 [INFO]   Val Cosine Sim: 0.9949
2025-10-17 20:36:44,207 [INFO]   Learning Rate: 0.000005
2025-10-17 20:36:44,292 [INFO] New best model! Val loss: 0.0018
2025-10-17 20:36:44,292 [INFO] 
Epoch 44/50
2025-10-17 20:36:44,802 [INFO] Batch 0: load=0.28s, train=0.23s
2025-10-17 20:36:47,039 [INFO] Batch 10: load=0.00s, train=0.22s
2025-10-17 20:36:49,278 [INFO] Batch 20: load=0.00s, train=0.22s
2025-10-17 20:36:51,517 [INFO] Batch 30: load=0.00s, train=0.22s
2025-10-17 20:36:53,756 [INFO] Batch 40: load=0.00s, train=0.22s
2025-10-17 20:36:55,997 [INFO] Batch 50: load=0.00s, train=0.22s
2025-10-17 20:36:58,235 [INFO] Batch 60: load=0.00s, train=0.22s
2025-10-17 20:37:00,475 [INFO] Batch 70: load=0.00s, train=0.22s
2025-10-17 20:37:02,716 [INFO] Batch 80: load=0.00s, train=0.22s
2025-10-17 20:37:04,954 [INFO] Batch 90: load=0.00s, train=0.22s
2025-10-17 20:37:07,083 [INFO] Batch 100: load=0.00s, train=0.12s
2025-10-17 20:37:13,987 [INFO] Epoch 44 Results:
2025-10-17 20:37:13,988 [INFO]   Train Loss: 0.002944
2025-10-17 20:37:13,988 [INFO]   Val Loss: 0.001781
2025-10-17 20:37:13,988 [INFO]   Val L2 Distance: 0.0869
2025-10-17 20:37:13,988 [INFO]   Val Cosine Sim: 0.9947
2025-10-17 20:37:13,988 [INFO]   Learning Rate: 0.000004
2025-10-17 20:37:13,988 [INFO] 
Epoch 45/50
2025-10-17 20:37:14,500 [INFO] Batch 0: load=0.29s, train=0.23s
2025-10-17 20:37:16,739 [INFO] Batch 10: load=0.00s, train=0.22s
2025-10-17 20:37:18,984 [INFO] Batch 20: load=0.00s, train=0.22s
2025-10-17 20:37:21,224 [INFO] Batch 30: load=0.00s, train=0.22s
2025-10-17 20:37:23,462 [INFO] Batch 40: load=0.00s, train=0.22s
2025-10-17 20:37:25,701 [INFO] Batch 50: load=0.00s, train=0.22s
2025-10-17 20:37:27,938 [INFO] Batch 60: load=0.00s, train=0.22s
2025-10-17 20:37:30,195 [INFO] Batch 70: load=0.00s, train=0.23s
2025-10-17 20:37:32,442 [INFO] Batch 80: load=0.00s, train=0.22s
2025-10-17 20:37:34,725 [INFO] Batch 90: load=0.00s, train=0.24s
2025-10-17 20:37:36,947 [INFO] Batch 100: load=0.00s, train=0.12s
2025-10-17 20:37:43,937 [INFO] Epoch 45 Results:
2025-10-17 20:37:43,937 [INFO]   Train Loss: 0.002782
2025-10-17 20:37:43,937 [INFO]   Val Loss: 0.001983
2025-10-17 20:37:43,937 [INFO]   Val L2 Distance: 0.0908
2025-10-17 20:37:43,937 [INFO]   Val Cosine Sim: 0.9942
2025-10-17 20:37:43,937 [INFO]   Learning Rate: 0.000002
2025-10-17 20:37:44,013 [INFO] Saved checkpoint: results/part4/exp4_spatial_frequency_large/checkpoint_epoch_45.pth
2025-10-17 20:37:44,013 [INFO] 
Epoch 46/50
2025-10-17 20:37:44,529 [INFO] Batch 0: load=0.28s, train=0.23s
2025-10-17 20:37:46,793 [INFO] Batch 10: load=0.00s, train=0.23s
2025-10-17 20:37:49,079 [INFO] Batch 20: load=0.00s, train=0.23s
2025-10-17 20:37:51,334 [INFO] Batch 30: load=0.00s, train=0.23s
2025-10-17 20:37:53,589 [INFO] Batch 40: load=0.00s, train=0.23s
2025-10-17 20:37:55,843 [INFO] Batch 50: load=0.00s, train=0.23s
2025-10-17 20:37:58,100 [INFO] Batch 60: load=0.00s, train=0.23s
2025-10-17 20:38:00,356 [INFO] Batch 70: load=0.00s, train=0.23s
2025-10-17 20:38:02,612 [INFO] Batch 80: load=0.00s, train=0.23s
2025-10-17 20:38:04,879 [INFO] Batch 90: load=0.00s, train=0.23s
2025-10-17 20:38:07,068 [INFO] Batch 100: load=0.00s, train=0.12s
2025-10-17 20:38:14,326 [INFO] Epoch 46 Results:
2025-10-17 20:38:14,326 [INFO]   Train Loss: 0.002859
2025-10-17 20:38:14,326 [INFO]   Val Loss: 0.002036
2025-10-17 20:38:14,326 [INFO]   Val L2 Distance: 0.0930
2025-10-17 20:38:14,326 [INFO]   Val Cosine Sim: 0.9938
2025-10-17 20:38:14,326 [INFO]   Learning Rate: 0.000002
2025-10-17 20:38:14,327 [INFO] 
Epoch 47/50
2025-10-17 20:38:14,856 [INFO] Batch 0: load=0.28s, train=0.25s
2025-10-17 20:38:17,248 [INFO] Batch 10: load=0.00s, train=0.24s
2025-10-17 20:38:19,651 [INFO] Batch 20: load=0.00s, train=0.23s
2025-10-17 20:38:21,968 [INFO] Batch 30: load=0.00s, train=0.23s
2025-10-17 20:38:24,247 [INFO] Batch 40: load=0.00s, train=0.23s
2025-10-17 20:38:26,514 [INFO] Batch 50: load=0.00s, train=0.23s
2025-10-17 20:38:28,770 [INFO] Batch 60: load=0.00s, train=0.23s
2025-10-17 20:38:31,023 [INFO] Batch 70: load=0.00s, train=0.23s
2025-10-17 20:38:33,278 [INFO] Batch 80: load=0.00s, train=0.23s
2025-10-17 20:38:35,531 [INFO] Batch 90: load=0.00s, train=0.22s
2025-10-17 20:38:37,677 [INFO] Batch 100: load=0.00s, train=0.12s
2025-10-17 20:38:44,583 [INFO] Epoch 47 Results:
2025-10-17 20:38:44,583 [INFO]   Train Loss: 0.002752
2025-10-17 20:38:44,583 [INFO]   Val Loss: 0.002044
2025-10-17 20:38:44,583 [INFO]   Val L2 Distance: 0.0926
2025-10-17 20:38:44,584 [INFO]   Val Cosine Sim: 0.9939
2025-10-17 20:38:44,584 [INFO]   Learning Rate: 0.000001
2025-10-17 20:38:44,584 [INFO] 
Epoch 48/50
2025-10-17 20:38:45,047 [INFO] Batch 0: load=0.23s, train=0.23s
2025-10-17 20:38:47,305 [INFO] Batch 10: load=0.00s, train=0.23s
2025-10-17 20:38:49,563 [INFO] Batch 20: load=0.00s, train=0.23s
2025-10-17 20:38:51,821 [INFO] Batch 30: load=0.00s, train=0.23s
2025-10-17 20:38:54,073 [INFO] Batch 40: load=0.00s, train=0.22s
2025-10-17 20:38:56,328 [INFO] Batch 50: load=0.00s, train=0.23s
2025-10-17 20:38:58,584 [INFO] Batch 60: load=0.00s, train=0.23s
2025-10-17 20:39:00,838 [INFO] Batch 70: load=0.00s, train=0.23s
2025-10-17 20:39:03,092 [INFO] Batch 80: load=0.00s, train=0.23s
2025-10-17 20:39:05,347 [INFO] Batch 90: load=0.00s, train=0.23s
2025-10-17 20:39:07,493 [INFO] Batch 100: load=0.00s, train=0.12s
2025-10-17 20:39:14,424 [INFO] Epoch 48 Results:
2025-10-17 20:39:14,424 [INFO]   Train Loss: 0.002742
2025-10-17 20:39:14,424 [INFO]   Val Loss: 0.001809
2025-10-17 20:39:14,424 [INFO]   Val L2 Distance: 0.0875
2025-10-17 20:39:14,424 [INFO]   Val Cosine Sim: 0.9945
2025-10-17 20:39:14,424 [INFO]   Learning Rate: 0.000000
2025-10-17 20:39:14,425 [INFO] 
Epoch 49/50
2025-10-17 20:39:14,902 [INFO] Batch 0: load=0.25s, train=0.23s
2025-10-17 20:39:17,197 [INFO] Batch 10: load=0.00s, train=0.23s
2025-10-17 20:39:19,483 [INFO] Batch 20: load=0.00s, train=0.23s
2025-10-17 20:39:21,783 [INFO] Batch 30: load=0.00s, train=0.24s
2025-10-17 20:39:24,166 [INFO] Batch 40: load=0.00s, train=0.24s
2025-10-17 20:39:26,532 [INFO] Batch 50: load=0.00s, train=0.23s
2025-10-17 20:39:28,859 [INFO] Batch 60: load=0.00s, train=0.23s
2025-10-17 20:39:31,178 [INFO] Batch 70: load=0.00s, train=0.23s
2025-10-17 20:39:33,470 [INFO] Batch 80: load=0.00s, train=0.23s
2025-10-17 20:39:35,753 [INFO] Batch 90: load=0.00s, train=0.23s
2025-10-17 20:39:37,956 [INFO] Batch 100: load=0.00s, train=0.12s
2025-10-17 20:39:45,071 [INFO] Epoch 49 Results:
2025-10-17 20:39:45,071 [INFO]   Train Loss: 0.002715
2025-10-17 20:39:45,071 [INFO]   Val Loss: 0.001867
2025-10-17 20:39:45,071 [INFO]   Val L2 Distance: 0.0884
2025-10-17 20:39:45,071 [INFO]   Val Cosine Sim: 0.9945
2025-10-17 20:39:45,071 [INFO]   Learning Rate: 0.000000
2025-10-17 20:39:45,071 [INFO] 
Epoch 50/50
2025-10-17 20:39:45,579 [INFO] Batch 0: load=0.27s, train=0.24s
2025-10-17 20:39:47,887 [INFO] Batch 10: load=0.00s, train=0.23s
2025-10-17 20:39:50,164 [INFO] Batch 20: load=0.00s, train=0.23s
2025-10-17 20:39:52,434 [INFO] Batch 30: load=0.00s, train=0.23s
2025-10-17 20:39:54,689 [INFO] Batch 40: load=0.00s, train=0.23s
2025-10-17 20:39:56,943 [INFO] Batch 50: load=0.00s, train=0.22s
2025-10-17 20:39:59,199 [INFO] Batch 60: load=0.00s, train=0.23s
2025-10-17 20:40:01,458 [INFO] Batch 70: load=0.00s, train=0.23s
2025-10-17 20:40:03,713 [INFO] Batch 80: load=0.00s, train=0.23s
2025-10-17 20:40:05,967 [INFO] Batch 90: load=0.00s, train=0.23s
2025-10-17 20:40:08,113 [INFO] Batch 100: load=0.00s, train=0.12s
2025-10-17 20:40:15,030 [INFO] Epoch 50 Results:
2025-10-17 20:40:15,030 [INFO]   Train Loss: 0.002747
2025-10-17 20:40:15,030 [INFO]   Val Loss: 0.001707
2025-10-17 20:40:15,030 [INFO]   Val L2 Distance: 0.0844
2025-10-17 20:40:15,030 [INFO]   Val Cosine Sim: 0.9950
2025-10-17 20:40:15,030 [INFO]   Learning Rate: 0.000000
2025-10-17 20:40:15,111 [INFO] Saved checkpoint: results/part4/exp4_spatial_frequency_large/checkpoint_epoch_50.pth
2025-10-17 20:40:15,199 [INFO] New best model! Val loss: 0.0017
2025-10-17 20:40:15,282 [INFO] Training complete! Final model: results/part4/exp4_spatial_frequency_large/final_model.pth
